2024-09-30 14:19:00,098 [BombeRLeWorld] INFO: Initializing game world
2024-09-30 14:19:01,663 [BombeRLeWorld] INFO: STARTING ROUND #1
2024-09-30 14:19:01,731 [BombeRLeWorld] INFO: STARTING STEP 1
2024-09-30 14:19:01,758 [BombeRLeWorld] INFO: Agent <peaceful_agent> chose action RIGHT in 0.00s.
2024-09-30 14:19:01,758 [BombeRLeWorld] INFO: Agent <peaceful_agent> stayed within acceptable think time.
2024-09-30 14:19:01,758 [BombeRLeWorld] INFO: Agent <ppo_agent> chose action DOWN in 0.02s.
2024-09-30 14:19:01,758 [BombeRLeWorld] INFO: Agent <ppo_agent> stayed within acceptable think time.
2024-09-30 14:19:01,758 [BombeRLeWorld] INFO: Agent <rule_based_agent> chose action RIGHT in 0.00s.
2024-09-30 14:19:01,758 [BombeRLeWorld] INFO: Agent <rule_based_agent> stayed within acceptable think time.
2024-09-30 14:19:01,758 [BombeRLeWorld] INFO: Agent <random_agent> chose action UP in 0.00s.
2024-09-30 14:19:01,758 [BombeRLeWorld] INFO: Agent <random_agent> stayed within acceptable think time.
2024-09-30 14:19:01,769 [BombeRLeWorld] INFO: STARTING STEP 2
2024-09-30 14:19:01,771 [BombeRLeWorld] INFO: Agent <random_agent> chose action DOWN in 0.00s.
2024-09-30 14:19:01,771 [BombeRLeWorld] INFO: Agent <random_agent> stayed within acceptable think time.
2024-09-30 14:19:01,771 [BombeRLeWorld] INFO: Agent <peaceful_agent> chose action RIGHT in 0.00s.
2024-09-30 14:19:01,771 [BombeRLeWorld] INFO: Agent <peaceful_agent> stayed within acceptable think time.
2024-09-30 14:19:01,771 [BombeRLeWorld] INFO: Agent <rule_based_agent> chose action LEFT in 0.00s.
2024-09-30 14:19:01,771 [BombeRLeWorld] INFO: Agent <rule_based_agent> stayed within acceptable think time.
2024-09-30 14:19:01,771 [BombeRLeWorld] INFO: Agent <ppo_agent> chose action DOWN in 0.00s.
2024-09-30 14:19:01,771 [BombeRLeWorld] INFO: Agent <ppo_agent> stayed within acceptable think time.
2024-09-30 14:19:01,771 [BombeRLeWorld] INFO: Agent <rule_based_agent> picked up coin at (np.int64(1), np.int64(15)) and receives 1 point
2024-09-30 14:19:01,871 [BombeRLeWorld] INFO: STARTING STEP 3
2024-09-30 14:19:01,873 [BombeRLeWorld] INFO: Agent <ppo_agent> chose action RIGHT in 0.00s.
2024-09-30 14:19:01,873 [BombeRLeWorld] INFO: Agent <ppo_agent> stayed within acceptable think time.
2024-09-30 14:19:01,873 [BombeRLeWorld] INFO: Agent <rule_based_agent> chose action RIGHT in 0.00s.
2024-09-30 14:19:01,873 [BombeRLeWorld] INFO: Agent <rule_based_agent> stayed within acceptable think time.
2024-09-30 14:19:01,873 [BombeRLeWorld] INFO: Agent <random_agent> chose action LEFT in 0.00s.
2024-09-30 14:19:01,873 [BombeRLeWorld] INFO: Agent <random_agent> stayed within acceptable think time.
2024-09-30 14:19:01,873 [BombeRLeWorld] INFO: Agent <peaceful_agent> chose action UP in 0.00s.
2024-09-30 14:19:01,874 [BombeRLeWorld] INFO: Agent <peaceful_agent> stayed within acceptable think time.
2024-09-30 14:19:01,974 [BombeRLeWorld] INFO: STARTING STEP 4
2024-09-30 14:19:01,976 [BombeRLeWorld] INFO: Agent <rule_based_agent> chose action RIGHT in 0.00s.
2024-09-30 14:19:01,976 [BombeRLeWorld] INFO: Agent <rule_based_agent> stayed within acceptable think time.
2024-09-30 14:19:01,976 [BombeRLeWorld] INFO: Agent <ppo_agent> chose action LEFT in 0.00s.
2024-09-30 14:19:01,976 [BombeRLeWorld] INFO: Agent <ppo_agent> stayed within acceptable think time.
2024-09-30 14:19:01,976 [BombeRLeWorld] INFO: Agent <random_agent> chose action LEFT in 0.00s.
2024-09-30 14:19:01,976 [BombeRLeWorld] INFO: Agent <random_agent> stayed within acceptable think time.
2024-09-30 14:19:01,976 [BombeRLeWorld] INFO: Agent <peaceful_agent> chose action LEFT in 0.00s.
2024-09-30 14:19:01,976 [BombeRLeWorld] INFO: Agent <peaceful_agent> stayed within acceptable think time.
2024-09-30 14:19:01,976 [BombeRLeWorld] INFO: Agent <rule_based_agent> picked up coin at (np.int64(3), np.int64(15)) and receives 1 point
2024-09-30 14:19:02,073 [BombeRLeWorld] INFO: STARTING STEP 5
2024-09-30 14:19:02,075 [BombeRLeWorld] INFO: Agent <peaceful_agent> chose action UP in 0.00s.
2024-09-30 14:19:02,075 [BombeRLeWorld] INFO: Agent <peaceful_agent> stayed within acceptable think time.
2024-09-30 14:19:02,075 [BombeRLeWorld] INFO: Agent <rule_based_agent> chose action RIGHT in 0.00s.
2024-09-30 14:19:02,075 [BombeRLeWorld] INFO: Agent <rule_based_agent> stayed within acceptable think time.
2024-09-30 14:19:02,075 [BombeRLeWorld] INFO: Agent <random_agent> chose action RIGHT in 0.00s.
2024-09-30 14:19:02,075 [BombeRLeWorld] INFO: Agent <random_agent> stayed within acceptable think time.
2024-09-30 14:19:02,075 [BombeRLeWorld] INFO: Agent <ppo_agent> chose action DOWN in 0.00s.
2024-09-30 14:19:02,075 [BombeRLeWorld] INFO: Agent <ppo_agent> stayed within acceptable think time.
2024-09-30 14:19:02,176 [BombeRLeWorld] INFO: STARTING STEP 6
2024-09-30 14:19:02,178 [BombeRLeWorld] INFO: Agent <rule_based_agent> chose action RIGHT in 0.00s.
2024-09-30 14:19:02,178 [BombeRLeWorld] INFO: Agent <rule_based_agent> stayed within acceptable think time.
2024-09-30 14:19:02,178 [BombeRLeWorld] INFO: Agent <peaceful_agent> chose action UP in 0.00s.
2024-09-30 14:19:02,178 [BombeRLeWorld] INFO: Agent <peaceful_agent> stayed within acceptable think time.
2024-09-30 14:19:02,178 [BombeRLeWorld] INFO: Agent <random_agent> chose action RIGHT in 0.00s.
2024-09-30 14:19:02,178 [BombeRLeWorld] INFO: Agent <random_agent> stayed within acceptable think time.
2024-09-30 14:19:02,179 [BombeRLeWorld] INFO: Agent <ppo_agent> chose action UP in 0.00s.
2024-09-30 14:19:02,179 [BombeRLeWorld] INFO: Agent <ppo_agent> stayed within acceptable think time.
2024-09-30 14:19:02,179 [BombeRLeWorld] INFO: Agent <rule_based_agent> picked up coin at (np.int64(5), np.int64(15)) and receives 1 point
2024-09-30 14:19:02,275 [BombeRLeWorld] INFO: STARTING STEP 7
2024-09-30 14:19:02,277 [BombeRLeWorld] INFO: Agent <peaceful_agent> chose action UP in 0.00s.
2024-09-30 14:19:02,277 [BombeRLeWorld] INFO: Agent <peaceful_agent> stayed within acceptable think time.
2024-09-30 14:19:02,277 [BombeRLeWorld] INFO: Agent <random_agent> chose action UP in 0.00s.
2024-09-30 14:19:02,277 [BombeRLeWorld] INFO: Agent <random_agent> stayed within acceptable think time.
2024-09-30 14:19:02,277 [BombeRLeWorld] INFO: Agent <ppo_agent> chose action LEFT in 0.00s.
2024-09-30 14:19:02,277 [BombeRLeWorld] INFO: Agent <ppo_agent> stayed within acceptable think time.
2024-09-30 14:19:02,277 [BombeRLeWorld] INFO: Agent <rule_based_agent> chose action UP in 0.00s.
2024-09-30 14:19:02,277 [BombeRLeWorld] INFO: Agent <rule_based_agent> stayed within acceptable think time.
2024-09-30 14:19:02,277 [BombeRLeWorld] INFO: Agent <ppo_agent> picked up coin at (np.int64(13), np.int64(15)) and receives 1 point
2024-09-30 14:19:02,376 [BombeRLeWorld] INFO: STARTING STEP 8
2024-09-30 14:19:02,380 [BombeRLeWorld] INFO: Agent <ppo_agent> chose action LEFT in 0.00s.
2024-09-30 14:19:02,380 [BombeRLeWorld] INFO: Agent <ppo_agent> stayed within acceptable think time.
2024-09-30 14:19:02,380 [BombeRLeWorld] INFO: Agent <peaceful_agent> chose action UP in 0.00s.
2024-09-30 14:19:02,380 [BombeRLeWorld] INFO: Agent <peaceful_agent> stayed within acceptable think time.
2024-09-30 14:19:02,380 [BombeRLeWorld] INFO: Agent <random_agent> chose action UP in 0.00s.
2024-09-30 14:19:02,380 [BombeRLeWorld] INFO: Agent <random_agent> stayed within acceptable think time.
2024-09-30 14:19:02,380 [BombeRLeWorld] INFO: Agent <rule_based_agent> chose action UP in 0.00s.
2024-09-30 14:19:02,380 [BombeRLeWorld] INFO: Agent <rule_based_agent> stayed within acceptable think time.
2024-09-30 14:19:02,477 [BombeRLeWorld] INFO: STARTING STEP 9
2024-09-30 14:19:02,479 [BombeRLeWorld] INFO: Agent <random_agent> chose action LEFT in 0.00s.
2024-09-30 14:19:02,479 [BombeRLeWorld] INFO: Agent <random_agent> stayed within acceptable think time.
2024-09-30 14:19:02,479 [BombeRLeWorld] INFO: Agent <rule_based_agent> chose action RIGHT in 0.00s.
2024-09-30 14:19:02,479 [BombeRLeWorld] INFO: Agent <rule_based_agent> stayed within acceptable think time.
2024-09-30 14:19:02,479 [BombeRLeWorld] INFO: Agent <ppo_agent> chose action DOWN in 0.00s.
2024-09-30 14:19:02,479 [BombeRLeWorld] INFO: Agent <ppo_agent> stayed within acceptable think time.
2024-09-30 14:19:02,479 [BombeRLeWorld] INFO: Agent <peaceful_agent> chose action DOWN in 0.00s.
2024-09-30 14:19:02,479 [BombeRLeWorld] INFO: Agent <peaceful_agent> stayed within acceptable think time.
2024-09-30 14:19:02,479 [BombeRLeWorld] INFO: Agent <rule_based_agent> picked up coin at (np.int64(6), np.int64(13)) and receives 1 point
2024-09-30 14:19:02,579 [BombeRLeWorld] INFO: STARTING STEP 10
2024-09-30 14:19:02,581 [BombeRLeWorld] INFO: Agent <peaceful_agent> chose action RIGHT in 0.00s.
2024-09-30 14:19:02,581 [BombeRLeWorld] INFO: Agent <peaceful_agent> stayed within acceptable think time.
2024-09-30 14:19:02,581 [BombeRLeWorld] INFO: Agent <rule_based_agent> chose action RIGHT in 0.00s.
2024-09-30 14:19:02,581 [BombeRLeWorld] INFO: Agent <rule_based_agent> stayed within acceptable think time.
2024-09-30 14:19:02,581 [BombeRLeWorld] INFO: Agent <random_agent> chose action UP in 0.00s.
2024-09-30 14:19:02,581 [BombeRLeWorld] INFO: Agent <random_agent> stayed within acceptable think time.
2024-09-30 14:19:02,581 [BombeRLeWorld] INFO: Agent <ppo_agent> chose action RIGHT in 0.00s.
2024-09-30 14:19:02,581 [BombeRLeWorld] INFO: Agent <ppo_agent> stayed within acceptable think time.
2024-09-30 14:19:02,582 [BombeRLeWorld] INFO: Agent <rule_based_agent> picked up coin at (np.int64(7), np.int64(13)) and receives 1 point
2024-09-30 14:19:02,680 [BombeRLeWorld] INFO: STARTING STEP 11
2024-09-30 14:19:02,684 [BombeRLeWorld] INFO: Agent <rule_based_agent> chose action RIGHT in 0.00s.
2024-09-30 14:19:02,684 [BombeRLeWorld] INFO: Agent <rule_based_agent> stayed within acceptable think time.
2024-09-30 14:19:02,684 [BombeRLeWorld] INFO: Agent <random_agent> chose action UP in 0.00s.
2024-09-30 14:19:02,684 [BombeRLeWorld] INFO: Agent <random_agent> stayed within acceptable think time.
2024-09-30 14:19:02,684 [BombeRLeWorld] INFO: Agent <ppo_agent> chose action DOWN in 0.00s.
2024-09-30 14:19:02,684 [BombeRLeWorld] INFO: Agent <ppo_agent> stayed within acceptable think time.
2024-09-30 14:19:02,684 [BombeRLeWorld] INFO: Agent <peaceful_agent> chose action DOWN in 0.00s.
2024-09-30 14:19:02,684 [BombeRLeWorld] INFO: Agent <peaceful_agent> stayed within acceptable think time.
2024-09-30 14:19:02,684 [BombeRLeWorld] INFO: Agent <peaceful_agent> picked up coin at (np.int64(15), np.int64(2)) and receives 1 point
2024-09-30 14:19:02,684 [BombeRLeWorld] INFO: Agent <rule_based_agent> picked up coin at (np.int64(8), np.int64(13)) and receives 1 point
2024-09-30 14:19:02,780 [BombeRLeWorld] INFO: STARTING STEP 12
2024-09-30 14:19:02,783 [BombeRLeWorld] INFO: Agent <ppo_agent> chose action RIGHT in 0.00s.
2024-09-30 14:19:02,783 [BombeRLeWorld] INFO: Agent <ppo_agent> stayed within acceptable think time.
2024-09-30 14:19:02,783 [BombeRLeWorld] INFO: Agent <rule_based_agent> chose action RIGHT in 0.00s.
2024-09-30 14:19:02,783 [BombeRLeWorld] INFO: Agent <rule_based_agent> stayed within acceptable think time.
2024-09-30 14:19:02,783 [BombeRLeWorld] INFO: Agent <random_agent> chose action UP in 0.00s.
2024-09-30 14:19:02,783 [BombeRLeWorld] INFO: Agent <random_agent> stayed within acceptable think time.
2024-09-30 14:19:02,784 [BombeRLeWorld] INFO: Agent <peaceful_agent> chose action LEFT in 0.00s.
2024-09-30 14:19:02,784 [BombeRLeWorld] INFO: Agent <peaceful_agent> stayed within acceptable think time.
2024-09-30 14:19:02,784 [BombeRLeWorld] INFO: Agent <rule_based_agent> picked up coin at (np.int64(9), np.int64(13)) and receives 1 point
2024-09-30 14:19:02,881 [BombeRLeWorld] INFO: STARTING STEP 13
2024-09-30 14:19:02,883 [BombeRLeWorld] INFO: Agent <peaceful_agent> chose action DOWN in 0.00s.
2024-09-30 14:19:02,883 [BombeRLeWorld] INFO: Agent <peaceful_agent> stayed within acceptable think time.
2024-09-30 14:19:02,883 [BombeRLeWorld] INFO: Agent <ppo_agent> chose action LEFT in 0.00s.
2024-09-30 14:19:02,883 [BombeRLeWorld] INFO: Agent <ppo_agent> stayed within acceptable think time.
2024-09-30 14:19:02,883 [BombeRLeWorld] INFO: Agent <random_agent> chose action RIGHT in 0.00s.
2024-09-30 14:19:02,883 [BombeRLeWorld] INFO: Agent <random_agent> stayed within acceptable think time.
2024-09-30 14:19:02,883 [BombeRLeWorld] INFO: Agent <rule_based_agent> chose action UP in 0.00s.
2024-09-30 14:19:02,883 [BombeRLeWorld] INFO: Agent <rule_based_agent> stayed within acceptable think time.
2024-09-30 14:19:02,883 [BombeRLeWorld] INFO: Agent <peaceful_agent> picked up coin at (np.int64(15), np.int64(3)) and receives 1 point
2024-09-30 14:19:02,883 [BombeRLeWorld] INFO: Agent <rule_based_agent> picked up coin at (np.int64(9), np.int64(12)) and receives 1 point
2024-09-30 14:19:02,983 [BombeRLeWorld] INFO: STARTING STEP 14
2024-09-30 14:19:02,986 [BombeRLeWorld] INFO: Agent <rule_based_agent> chose action UP in 0.00s.
2024-09-30 14:19:02,986 [BombeRLeWorld] INFO: Agent <rule_based_agent> stayed within acceptable think time.
2024-09-30 14:19:02,986 [BombeRLeWorld] INFO: Agent <peaceful_agent> chose action UP in 0.00s.
2024-09-30 14:19:02,986 [BombeRLeWorld] INFO: Agent <peaceful_agent> stayed within acceptable think time.
2024-09-30 14:19:02,987 [BombeRLeWorld] INFO: Agent <ppo_agent> chose action UP in 0.00s.
2024-09-30 14:19:02,987 [BombeRLeWorld] INFO: Agent <ppo_agent> stayed within acceptable think time.
2024-09-30 14:19:02,987 [BombeRLeWorld] INFO: Agent <random_agent> chose action LEFT in 0.00s.
2024-09-30 14:19:02,987 [BombeRLeWorld] INFO: Agent <random_agent> stayed within acceptable think time.
2024-09-30 14:19:02,987 [BombeRLeWorld] INFO: Agent <ppo_agent> picked up coin at (np.int64(13), np.int64(14)) and receives 1 point
2024-09-30 14:19:03,084 [BombeRLeWorld] INFO: STARTING STEP 15
2024-09-30 14:19:03,086 [BombeRLeWorld] INFO: Agent <rule_based_agent> chose action LEFT in 0.00s.
2024-09-30 14:19:03,086 [BombeRLeWorld] INFO: Agent <rule_based_agent> stayed within acceptable think time.
2024-09-30 14:19:03,086 [BombeRLeWorld] INFO: Agent <peaceful_agent> chose action LEFT in 0.00s.
2024-09-30 14:19:03,086 [BombeRLeWorld] INFO: Agent <peaceful_agent> stayed within acceptable think time.
2024-09-30 14:19:03,086 [BombeRLeWorld] INFO: Agent <random_agent> chose action RIGHT in 0.00s.
2024-09-30 14:19:03,086 [BombeRLeWorld] INFO: Agent <random_agent> stayed within acceptable think time.
2024-09-30 14:19:03,086 [BombeRLeWorld] INFO: Agent <ppo_agent> chose action DOWN in 0.00s.
2024-09-30 14:19:03,086 [BombeRLeWorld] INFO: Agent <ppo_agent> stayed within acceptable think time.
2024-09-30 14:19:03,086 [BombeRLeWorld] INFO: Agent <rule_based_agent> picked up coin at (np.int64(8), np.int64(11)) and receives 1 point
2024-09-30 14:19:03,187 [BombeRLeWorld] INFO: STARTING STEP 16
2024-09-30 14:19:03,190 [BombeRLeWorld] INFO: Agent <rule_based_agent> chose action LEFT in 0.00s.
2024-09-30 14:19:03,190 [BombeRLeWorld] INFO: Agent <rule_based_agent> stayed within acceptable think time.
2024-09-30 14:19:03,190 [BombeRLeWorld] INFO: Agent <ppo_agent> chose action LEFT in 0.00s.
2024-09-30 14:19:03,190 [BombeRLeWorld] INFO: Agent <ppo_agent> stayed within acceptable think time.
2024-09-30 14:19:03,190 [BombeRLeWorld] INFO: Agent <peaceful_agent> chose action RIGHT in 0.00s.
2024-09-30 14:19:03,190 [BombeRLeWorld] INFO: Agent <peaceful_agent> stayed within acceptable think time.
2024-09-30 14:19:03,190 [BombeRLeWorld] INFO: Agent <random_agent> chose action BOMB in 0.00s.
2024-09-30 14:19:03,190 [BombeRLeWorld] INFO: Agent <random_agent> stayed within acceptable think time.
2024-09-30 14:19:03,190 [BombeRLeWorld] INFO: Agent <random_agent> drops bomb at (np.int64(2), np.int64(1))
2024-09-30 14:19:03,191 [BombeRLeWorld] INFO: Agent <rule_based_agent> picked up coin at (np.int64(7), np.int64(11)) and receives 1 point
2024-09-30 14:19:03,286 [BombeRLeWorld] INFO: STARTING STEP 17
2024-09-30 14:19:03,288 [BombeRLeWorld] INFO: Agent <random_agent> chose action RIGHT in 0.00s.
2024-09-30 14:19:03,288 [BombeRLeWorld] INFO: Agent <random_agent> stayed within acceptable think time.
2024-09-30 14:19:03,288 [BombeRLeWorld] INFO: Agent <ppo_agent> chose action RIGHT in 0.00s.
2024-09-30 14:19:03,288 [BombeRLeWorld] INFO: Agent <ppo_agent> stayed within acceptable think time.
2024-09-30 14:19:03,288 [BombeRLeWorld] INFO: Agent <rule_based_agent> chose action LEFT in 0.00s.
2024-09-30 14:19:03,288 [BombeRLeWorld] INFO: Agent <rule_based_agent> stayed within acceptable think time.
2024-09-30 14:19:03,288 [BombeRLeWorld] INFO: Agent <peaceful_agent> chose action DOWN in 0.00s.
2024-09-30 14:19:03,288 [BombeRLeWorld] INFO: Agent <peaceful_agent> stayed within acceptable think time.
2024-09-30 14:19:03,288 [BombeRLeWorld] INFO: Agent <rule_based_agent> picked up coin at (np.int64(6), np.int64(11)) and receives 1 point
2024-09-30 14:19:03,389 [BombeRLeWorld] INFO: STARTING STEP 18
2024-09-30 14:19:03,394 [BombeRLeWorld] INFO: Agent <peaceful_agent> chose action UP in 0.00s.
2024-09-30 14:19:03,394 [BombeRLeWorld] INFO: Agent <peaceful_agent> stayed within acceptable think time.
2024-09-30 14:19:03,394 [BombeRLeWorld] INFO: Agent <random_agent> chose action LEFT in 0.00s.
2024-09-30 14:19:03,394 [BombeRLeWorld] INFO: Agent <random_agent> stayed within acceptable think time.
2024-09-30 14:19:03,394 [BombeRLeWorld] INFO: Agent <ppo_agent> chose action UP in 0.00s.
2024-09-30 14:19:03,394 [BombeRLeWorld] INFO: Agent <ppo_agent> stayed within acceptable think time.
2024-09-30 14:19:03,394 [BombeRLeWorld] INFO: Agent <rule_based_agent> chose action LEFT in 0.00s.
2024-09-30 14:19:03,394 [BombeRLeWorld] INFO: Agent <rule_based_agent> stayed within acceptable think time.
2024-09-30 14:19:03,489 [BombeRLeWorld] INFO: STARTING STEP 19
2024-09-30 14:19:03,491 [BombeRLeWorld] INFO: Agent <random_agent> chose action RIGHT in 0.00s.
2024-09-30 14:19:03,491 [BombeRLeWorld] INFO: Agent <random_agent> stayed within acceptable think time.
2024-09-30 14:19:03,491 [BombeRLeWorld] INFO: Agent <rule_based_agent> chose action LEFT in 0.00s.
2024-09-30 14:19:03,491 [BombeRLeWorld] INFO: Agent <rule_based_agent> stayed within acceptable think time.
2024-09-30 14:19:03,491 [BombeRLeWorld] INFO: Agent <peaceful_agent> chose action UP in 0.00s.
2024-09-30 14:19:03,491 [BombeRLeWorld] INFO: Agent <peaceful_agent> stayed within acceptable think time.
2024-09-30 14:19:03,491 [BombeRLeWorld] INFO: Agent <ppo_agent> chose action LEFT in 0.00s.
2024-09-30 14:19:03,491 [BombeRLeWorld] INFO: Agent <ppo_agent> stayed within acceptable think time.
2024-09-30 14:19:03,592 [BombeRLeWorld] INFO: STARTING STEP 20
2024-09-30 14:19:03,594 [BombeRLeWorld] INFO: Agent <random_agent> chose action UP in 0.00s.
2024-09-30 14:19:03,594 [BombeRLeWorld] INFO: Agent <random_agent> stayed within acceptable think time.
2024-09-30 14:19:03,594 [BombeRLeWorld] INFO: Agent <peaceful_agent> chose action DOWN in 0.00s.
2024-09-30 14:19:03,594 [BombeRLeWorld] INFO: Agent <peaceful_agent> stayed within acceptable think time.
2024-09-30 14:19:03,594 [BombeRLeWorld] INFO: Agent <ppo_agent> chose action DOWN in 0.00s.
2024-09-30 14:19:03,594 [BombeRLeWorld] INFO: Agent <ppo_agent> stayed within acceptable think time.
2024-09-30 14:19:03,594 [BombeRLeWorld] INFO: Agent <rule_based_agent> chose action LEFT in 0.00s.
2024-09-30 14:19:03,594 [BombeRLeWorld] INFO: Agent <rule_based_agent> stayed within acceptable think time.
2024-09-30 14:19:03,594 [BombeRLeWorld] INFO: Agent <rule_based_agent> picked up coin at (np.int64(3), np.int64(11)) and receives 1 point
2024-09-30 14:19:03,594 [BombeRLeWorld] INFO: Agent <random_agent>'s bomb at (np.int64(2), np.int64(1)) explodes
2024-09-30 14:19:03,595 [BombeRLeWorld] INFO: Agent <random_agent> blown up by own bomb
2024-09-30 14:19:03,692 [BombeRLeWorld] INFO: STARTING STEP 21
2024-09-30 14:19:03,696 [BombeRLeWorld] INFO: Agent <peaceful_agent> chose action LEFT in 0.00s.
2024-09-30 14:19:03,696 [BombeRLeWorld] INFO: Agent <peaceful_agent> stayed within acceptable think time.
2024-09-30 14:19:03,696 [BombeRLeWorld] INFO: Agent <rule_based_agent> chose action UP in 0.00s.
2024-09-30 14:19:03,696 [BombeRLeWorld] INFO: Agent <rule_based_agent> stayed within acceptable think time.
2024-09-30 14:19:03,696 [BombeRLeWorld] INFO: Agent <ppo_agent> chose action DOWN in 0.00s.
2024-09-30 14:19:03,696 [BombeRLeWorld] INFO: Agent <ppo_agent> stayed within acceptable think time.
2024-09-30 14:19:03,696 [BombeRLeWorld] INFO: Agent <rule_based_agent> picked up coin at (np.int64(3), np.int64(10)) and receives 1 point
2024-09-30 14:19:03,794 [BombeRLeWorld] INFO: STARTING STEP 22
2024-09-30 14:19:03,798 [BombeRLeWorld] INFO: Agent <rule_based_agent> chose action UP in 0.00s.
2024-09-30 14:19:03,798 [BombeRLeWorld] INFO: Agent <rule_based_agent> stayed within acceptable think time.
2024-09-30 14:19:03,798 [BombeRLeWorld] INFO: Agent <ppo_agent> chose action DOWN in 0.00s.
2024-09-30 14:19:03,798 [BombeRLeWorld] INFO: Agent <ppo_agent> stayed within acceptable think time.
2024-09-30 14:19:03,798 [BombeRLeWorld] INFO: Agent <peaceful_agent> chose action RIGHT in 0.00s.
2024-09-30 14:19:03,798 [BombeRLeWorld] INFO: Agent <peaceful_agent> stayed within acceptable think time.
2024-09-30 14:19:03,891 [BombeRLeWorld] INFO: STARTING STEP 23
2024-09-30 14:19:03,893 [BombeRLeWorld] INFO: Agent <rule_based_agent> chose action RIGHT in 0.00s.
2024-09-30 14:19:03,893 [BombeRLeWorld] INFO: Agent <rule_based_agent> stayed within acceptable think time.
2024-09-30 14:19:03,893 [BombeRLeWorld] INFO: Agent <ppo_agent> chose action LEFT in 0.00s.
2024-09-30 14:19:03,893 [BombeRLeWorld] INFO: Agent <ppo_agent> stayed within acceptable think time.
2024-09-30 14:19:03,893 [BombeRLeWorld] INFO: Agent <peaceful_agent> chose action DOWN in 0.00s.
2024-09-30 14:19:03,893 [BombeRLeWorld] INFO: Agent <peaceful_agent> stayed within acceptable think time.
2024-09-30 14:19:03,893 [BombeRLeWorld] INFO: Agent <rule_based_agent> picked up coin at (np.int64(4), np.int64(9)) and receives 1 point
2024-09-30 14:19:03,993 [BombeRLeWorld] INFO: STARTING STEP 24
2024-09-30 14:19:03,995 [BombeRLeWorld] INFO: Agent <rule_based_agent> chose action RIGHT in 0.00s.
2024-09-30 14:19:03,995 [BombeRLeWorld] INFO: Agent <rule_based_agent> stayed within acceptable think time.
2024-09-30 14:19:03,995 [BombeRLeWorld] INFO: Agent <peaceful_agent> chose action RIGHT in 0.00s.
2024-09-30 14:19:03,995 [BombeRLeWorld] INFO: Agent <peaceful_agent> stayed within acceptable think time.
2024-09-30 14:19:03,995 [BombeRLeWorld] INFO: Agent <ppo_agent> chose action UP in 0.00s.
2024-09-30 14:19:03,995 [BombeRLeWorld] INFO: Agent <ppo_agent> stayed within acceptable think time.
2024-09-30 14:19:04,098 [BombeRLeWorld] INFO: STARTING STEP 25
2024-09-30 14:19:04,100 [BombeRLeWorld] INFO: Agent <rule_based_agent> chose action UP in 0.00s.
2024-09-30 14:19:04,101 [BombeRLeWorld] INFO: Agent <rule_based_agent> stayed within acceptable think time.
2024-09-30 14:19:04,101 [BombeRLeWorld] INFO: Agent <ppo_agent> chose action RIGHT in 0.00s.
2024-09-30 14:19:04,101 [BombeRLeWorld] INFO: Agent <ppo_agent> stayed within acceptable think time.
2024-09-30 14:19:04,101 [BombeRLeWorld] INFO: Agent <peaceful_agent> chose action LEFT in 0.00s.
2024-09-30 14:19:04,101 [BombeRLeWorld] INFO: Agent <peaceful_agent> stayed within acceptable think time.
2024-09-30 14:19:04,199 [BombeRLeWorld] INFO: STARTING STEP 26
2024-09-30 14:19:04,201 [BombeRLeWorld] INFO: Agent <peaceful_agent> chose action UP in 0.00s.
2024-09-30 14:19:04,201 [BombeRLeWorld] INFO: Agent <peaceful_agent> stayed within acceptable think time.
2024-09-30 14:19:04,201 [BombeRLeWorld] INFO: Agent <rule_based_agent> chose action UP in 0.00s.
2024-09-30 14:19:04,201 [BombeRLeWorld] INFO: Agent <rule_based_agent> stayed within acceptable think time.
2024-09-30 14:19:04,201 [BombeRLeWorld] INFO: Agent <ppo_agent> chose action RIGHT in 0.00s.
2024-09-30 14:19:04,201 [BombeRLeWorld] INFO: Agent <ppo_agent> stayed within acceptable think time.
2024-09-30 14:19:04,201 [BombeRLeWorld] INFO: Agent <rule_based_agent> picked up coin at (np.int64(5), np.int64(7)) and receives 1 point
2024-09-30 14:19:04,299 [BombeRLeWorld] INFO: STARTING STEP 27
2024-09-30 14:19:04,301 [BombeRLeWorld] INFO: Agent <ppo_agent> chose action UP in 0.00s.
2024-09-30 14:19:04,301 [BombeRLeWorld] INFO: Agent <ppo_agent> stayed within acceptable think time.
2024-09-30 14:19:04,301 [BombeRLeWorld] INFO: Agent <peaceful_agent> chose action UP in 0.00s.
2024-09-30 14:19:04,301 [BombeRLeWorld] INFO: Agent <peaceful_agent> stayed within acceptable think time.
2024-09-30 14:19:04,301 [BombeRLeWorld] INFO: Agent <rule_based_agent> chose action LEFT in 0.00s.
2024-09-30 14:19:04,301 [BombeRLeWorld] INFO: Agent <rule_based_agent> stayed within acceptable think time.
2024-09-30 14:19:04,301 [BombeRLeWorld] INFO: Agent <rule_based_agent> picked up coin at (np.int64(4), np.int64(7)) and receives 1 point
2024-09-30 14:19:04,402 [BombeRLeWorld] INFO: STARTING STEP 28
2024-09-30 14:19:04,404 [BombeRLeWorld] INFO: Agent <ppo_agent> chose action UP in 0.00s.
2024-09-30 14:19:04,404 [BombeRLeWorld] INFO: Agent <ppo_agent> stayed within acceptable think time.
2024-09-30 14:19:04,404 [BombeRLeWorld] INFO: Agent <rule_based_agent> chose action LEFT in 0.00s.
2024-09-30 14:19:04,404 [BombeRLeWorld] INFO: Agent <rule_based_agent> stayed within acceptable think time.
2024-09-30 14:19:04,404 [BombeRLeWorld] INFO: Agent <peaceful_agent> chose action RIGHT in 0.00s.
2024-09-30 14:19:04,404 [BombeRLeWorld] INFO: Agent <peaceful_agent> stayed within acceptable think time.
2024-09-30 14:19:04,404 [BombeRLeWorld] INFO: Agent <rule_based_agent> picked up coin at (np.int64(3), np.int64(7)) and receives 1 point
2024-09-30 14:19:04,502 [BombeRLeWorld] INFO: STARTING STEP 29
2024-09-30 14:19:04,505 [BombeRLeWorld] INFO: Agent <peaceful_agent> chose action LEFT in 0.00s.
2024-09-30 14:19:04,506 [BombeRLeWorld] INFO: Agent <peaceful_agent> stayed within acceptable think time.
2024-09-30 14:19:04,506 [BombeRLeWorld] INFO: Agent <rule_based_agent> chose action LEFT in 0.00s.
2024-09-30 14:19:04,506 [BombeRLeWorld] INFO: Agent <rule_based_agent> stayed within acceptable think time.
2024-09-30 14:19:04,506 [BombeRLeWorld] INFO: Agent <ppo_agent> chose action UP in 0.00s.
2024-09-30 14:19:04,506 [BombeRLeWorld] INFO: Agent <ppo_agent> stayed within acceptable think time.
2024-09-30 14:19:04,601 [BombeRLeWorld] INFO: STARTING STEP 30
2024-09-30 14:19:04,603 [BombeRLeWorld] INFO: Agent <ppo_agent> chose action RIGHT in 0.00s.
2024-09-30 14:19:04,603 [BombeRLeWorld] INFO: Agent <ppo_agent> stayed within acceptable think time.
2024-09-30 14:19:04,603 [BombeRLeWorld] INFO: Agent <peaceful_agent> chose action UP in 0.00s.
2024-09-30 14:19:04,603 [BombeRLeWorld] INFO: Agent <peaceful_agent> stayed within acceptable think time.
2024-09-30 14:19:04,603 [BombeRLeWorld] INFO: Agent <rule_based_agent> chose action LEFT in 0.00s.
2024-09-30 14:19:04,603 [BombeRLeWorld] INFO: Agent <rule_based_agent> stayed within acceptable think time.
2024-09-30 14:19:04,705 [BombeRLeWorld] INFO: STARTING STEP 31
2024-09-30 14:19:04,708 [BombeRLeWorld] INFO: Agent <ppo_agent> chose action DOWN in 0.00s.
2024-09-30 14:19:04,708 [BombeRLeWorld] INFO: Agent <ppo_agent> stayed within acceptable think time.
2024-09-30 14:19:04,708 [BombeRLeWorld] INFO: Agent <rule_based_agent> chose action DOWN in 0.00s.
2024-09-30 14:19:04,709 [BombeRLeWorld] INFO: Agent <rule_based_agent> stayed within acceptable think time.
2024-09-30 14:19:04,709 [BombeRLeWorld] INFO: Agent <peaceful_agent> chose action RIGHT in 0.00s.
2024-09-30 14:19:04,709 [BombeRLeWorld] INFO: Agent <peaceful_agent> stayed within acceptable think time.
2024-09-30 14:19:04,709 [BombeRLeWorld] INFO: Agent <rule_based_agent> picked up coin at (np.int64(1), np.int64(8)) and receives 1 point
2024-09-30 14:19:04,805 [BombeRLeWorld] INFO: STARTING STEP 32
2024-09-30 14:19:04,807 [BombeRLeWorld] INFO: Agent <peaceful_agent> chose action DOWN in 0.00s.
2024-09-30 14:19:04,807 [BombeRLeWorld] INFO: Agent <peaceful_agent> stayed within acceptable think time.
2024-09-30 14:19:04,807 [BombeRLeWorld] INFO: Agent <ppo_agent> chose action UP in 0.00s.
2024-09-30 14:19:04,807 [BombeRLeWorld] INFO: Agent <ppo_agent> stayed within acceptable think time.
2024-09-30 14:19:04,807 [BombeRLeWorld] INFO: Agent <rule_based_agent> chose action DOWN in 0.00s.
2024-09-30 14:19:04,807 [BombeRLeWorld] INFO: Agent <rule_based_agent> stayed within acceptable think time.
2024-09-30 14:19:04,807 [BombeRLeWorld] INFO: Agent <rule_based_agent> picked up coin at (np.int64(1), np.int64(9)) and receives 1 point
2024-09-30 14:19:04,807 [BombeRLeWorld] INFO: Agent <ppo_agent> picked up coin at (np.int64(15), np.int64(14)) and receives 1 point
2024-09-30 14:19:04,903 [BombeRLeWorld] INFO: STARTING STEP 33
2024-09-30 14:19:04,906 [BombeRLeWorld] INFO: Agent <ppo_agent> chose action RIGHT in 0.00s.
2024-09-30 14:19:04,906 [BombeRLeWorld] INFO: Agent <ppo_agent> stayed within acceptable think time.
2024-09-30 14:19:04,906 [BombeRLeWorld] INFO: Agent <peaceful_agent> chose action UP in 0.00s.
2024-09-30 14:19:04,906 [BombeRLeWorld] INFO: Agent <peaceful_agent> stayed within acceptable think time.
2024-09-30 14:19:04,906 [BombeRLeWorld] INFO: Agent <rule_based_agent> chose action UP in 0.00s.
2024-09-30 14:19:04,906 [BombeRLeWorld] INFO: Agent <rule_based_agent> stayed within acceptable think time.
2024-09-30 14:19:05,007 [BombeRLeWorld] INFO: STARTING STEP 34
2024-09-30 14:19:05,010 [BombeRLeWorld] INFO: Agent <ppo_agent> chose action DOWN in 0.00s.
2024-09-30 14:19:05,010 [BombeRLeWorld] INFO: Agent <ppo_agent> stayed within acceptable think time.
2024-09-30 14:19:05,010 [BombeRLeWorld] INFO: Agent <rule_based_agent> chose action UP in 0.00s.
2024-09-30 14:19:05,010 [BombeRLeWorld] INFO: Agent <rule_based_agent> stayed within acceptable think time.
2024-09-30 14:19:05,010 [BombeRLeWorld] INFO: Agent <peaceful_agent> chose action LEFT in 0.00s.
2024-09-30 14:19:05,010 [BombeRLeWorld] INFO: Agent <peaceful_agent> stayed within acceptable think time.
2024-09-30 14:19:05,109 [BombeRLeWorld] INFO: STARTING STEP 35
2024-09-30 14:19:05,112 [BombeRLeWorld] INFO: Agent <peaceful_agent> chose action DOWN in 0.00s.
2024-09-30 14:19:05,112 [BombeRLeWorld] INFO: Agent <peaceful_agent> stayed within acceptable think time.
2024-09-30 14:19:05,112 [BombeRLeWorld] INFO: Agent <ppo_agent> chose action RIGHT in 0.00s.
2024-09-30 14:19:05,112 [BombeRLeWorld] INFO: Agent <ppo_agent> stayed within acceptable think time.
2024-09-30 14:19:05,112 [BombeRLeWorld] INFO: Agent <rule_based_agent> chose action UP in 0.00s.
2024-09-30 14:19:05,112 [BombeRLeWorld] INFO: Agent <rule_based_agent> stayed within acceptable think time.
2024-09-30 14:19:05,207 [BombeRLeWorld] INFO: STARTING STEP 36
2024-09-30 14:19:05,210 [BombeRLeWorld] INFO: Agent <ppo_agent> chose action RIGHT in 0.00s.
2024-09-30 14:19:05,210 [BombeRLeWorld] INFO: Agent <ppo_agent> stayed within acceptable think time.
2024-09-30 14:19:05,210 [BombeRLeWorld] INFO: Agent <peaceful_agent> chose action DOWN in 0.00s.
2024-09-30 14:19:05,210 [BombeRLeWorld] INFO: Agent <peaceful_agent> stayed within acceptable think time.
2024-09-30 14:19:05,210 [BombeRLeWorld] INFO: Agent <rule_based_agent> chose action UP in 0.00s.
2024-09-30 14:19:05,210 [BombeRLeWorld] INFO: Agent <rule_based_agent> stayed within acceptable think time.
2024-09-30 14:19:05,311 [BombeRLeWorld] INFO: STARTING STEP 37
2024-09-30 14:19:05,314 [BombeRLeWorld] INFO: Agent <rule_based_agent> chose action UP in 0.00s.
2024-09-30 14:19:05,314 [BombeRLeWorld] INFO: Agent <rule_based_agent> stayed within acceptable think time.
2024-09-30 14:19:05,314 [BombeRLeWorld] INFO: Agent <peaceful_agent> chose action LEFT in 0.00s.
2024-09-30 14:19:05,314 [BombeRLeWorld] INFO: Agent <peaceful_agent> stayed within acceptable think time.
2024-09-30 14:19:05,314 [BombeRLeWorld] INFO: Agent <ppo_agent> chose action RIGHT in 0.00s.
2024-09-30 14:19:05,314 [BombeRLeWorld] INFO: Agent <ppo_agent> stayed within acceptable think time.
2024-09-30 14:19:05,416 [BombeRLeWorld] INFO: STARTING STEP 38
2024-09-30 14:19:05,418 [BombeRLeWorld] INFO: Agent <ppo_agent> chose action RIGHT in 0.00s.
2024-09-30 14:19:05,418 [BombeRLeWorld] INFO: Agent <ppo_agent> stayed within acceptable think time.
2024-09-30 14:19:05,418 [BombeRLeWorld] INFO: Agent <rule_based_agent> chose action UP in 0.00s.
2024-09-30 14:19:05,418 [BombeRLeWorld] INFO: Agent <rule_based_agent> stayed within acceptable think time.
2024-09-30 14:19:05,419 [BombeRLeWorld] INFO: Agent <peaceful_agent> chose action RIGHT in 0.00s.
2024-09-30 14:19:05,419 [BombeRLeWorld] INFO: Agent <peaceful_agent> stayed within acceptable think time.
2024-09-30 14:19:05,419 [BombeRLeWorld] INFO: Agent <rule_based_agent> picked up coin at (np.int64(1), np.int64(3)) and receives 1 point
2024-09-30 14:19:05,513 [BombeRLeWorld] INFO: STARTING STEP 39
2024-09-30 14:19:05,516 [BombeRLeWorld] INFO: Agent <rule_based_agent> chose action RIGHT in 0.00s.
2024-09-30 14:19:05,516 [BombeRLeWorld] INFO: Agent <rule_based_agent> stayed within acceptable think time.
2024-09-30 14:19:05,516 [BombeRLeWorld] INFO: Agent <ppo_agent> chose action RIGHT in 0.00s.
2024-09-30 14:19:05,516 [BombeRLeWorld] INFO: Agent <ppo_agent> stayed within acceptable think time.
2024-09-30 14:19:05,516 [BombeRLeWorld] INFO: Agent <peaceful_agent> chose action LEFT in 0.00s.
2024-09-30 14:19:05,516 [BombeRLeWorld] INFO: Agent <peaceful_agent> stayed within acceptable think time.
2024-09-30 14:19:05,614 [BombeRLeWorld] INFO: STARTING STEP 40
2024-09-30 14:19:05,618 [BombeRLeWorld] INFO: Agent <ppo_agent> chose action RIGHT in 0.00s.
2024-09-30 14:19:05,618 [BombeRLeWorld] INFO: Agent <ppo_agent> stayed within acceptable think time.
2024-09-30 14:19:05,618 [BombeRLeWorld] INFO: Agent <rule_based_agent> chose action RIGHT in 0.00s.
2024-09-30 14:19:05,618 [BombeRLeWorld] INFO: Agent <rule_based_agent> stayed within acceptable think time.
2024-09-30 14:19:05,618 [BombeRLeWorld] INFO: Agent <peaceful_agent> chose action LEFT in 0.00s.
2024-09-30 14:19:05,618 [BombeRLeWorld] INFO: Agent <peaceful_agent> stayed within acceptable think time.
2024-09-30 14:19:05,618 [BombeRLeWorld] INFO: Agent <rule_based_agent> picked up coin at (np.int64(3), np.int64(3)) and receives 1 point
2024-09-30 14:19:05,715 [BombeRLeWorld] INFO: STARTING STEP 41
2024-09-30 14:19:05,719 [BombeRLeWorld] INFO: Agent <ppo_agent> chose action UP in 0.00s.
2024-09-30 14:19:05,719 [BombeRLeWorld] INFO: Agent <ppo_agent> stayed within acceptable think time.
2024-09-30 14:19:05,719 [BombeRLeWorld] INFO: Agent <rule_based_agent> chose action RIGHT in 0.00s.
2024-09-30 14:19:05,719 [BombeRLeWorld] INFO: Agent <rule_based_agent> stayed within acceptable think time.
2024-09-30 14:19:05,719 [BombeRLeWorld] INFO: Agent <peaceful_agent> chose action RIGHT in 0.00s.
2024-09-30 14:19:05,719 [BombeRLeWorld] INFO: Agent <peaceful_agent> stayed within acceptable think time.
2024-09-30 14:19:05,816 [BombeRLeWorld] INFO: STARTING STEP 42
2024-09-30 14:19:05,819 [BombeRLeWorld] INFO: Agent <rule_based_agent> chose action RIGHT in 0.00s.
2024-09-30 14:19:05,819 [BombeRLeWorld] INFO: Agent <rule_based_agent> stayed within acceptable think time.
2024-09-30 14:19:05,819 [BombeRLeWorld] INFO: Agent <peaceful_agent> chose action DOWN in 0.00s.
2024-09-30 14:19:05,819 [BombeRLeWorld] INFO: Agent <peaceful_agent> stayed within acceptable think time.
2024-09-30 14:19:05,819 [BombeRLeWorld] INFO: Agent <ppo_agent> chose action RIGHT in 0.00s.
2024-09-30 14:19:05,819 [BombeRLeWorld] INFO: Agent <ppo_agent> stayed within acceptable think time.
2024-09-30 14:19:05,917 [BombeRLeWorld] INFO: STARTING STEP 43
2024-09-30 14:19:05,919 [BombeRLeWorld] INFO: Agent <peaceful_agent> chose action UP in 0.00s.
2024-09-30 14:19:05,919 [BombeRLeWorld] INFO: Agent <peaceful_agent> stayed within acceptable think time.
2024-09-30 14:19:05,920 [BombeRLeWorld] INFO: Agent <ppo_agent> chose action RIGHT in 0.00s.
2024-09-30 14:19:05,920 [BombeRLeWorld] INFO: Agent <ppo_agent> stayed within acceptable think time.
2024-09-30 14:19:05,920 [BombeRLeWorld] INFO: Agent <rule_based_agent> chose action RIGHT in 0.00s.
2024-09-30 14:19:05,920 [BombeRLeWorld] INFO: Agent <rule_based_agent> stayed within acceptable think time.
2024-09-30 14:19:05,920 [BombeRLeWorld] INFO: Agent <rule_based_agent> picked up coin at (np.int64(6), np.int64(3)) and receives 1 point
2024-09-30 14:19:06,018 [BombeRLeWorld] INFO: STARTING STEP 44
2024-09-30 14:19:06,020 [BombeRLeWorld] INFO: Agent <ppo_agent> chose action RIGHT in 0.00s.
2024-09-30 14:19:06,020 [BombeRLeWorld] INFO: Agent <ppo_agent> stayed within acceptable think time.
2024-09-30 14:19:06,020 [BombeRLeWorld] INFO: Agent <peaceful_agent> chose action UP in 0.00s.
2024-09-30 14:19:06,020 [BombeRLeWorld] INFO: Agent <peaceful_agent> stayed within acceptable think time.
2024-09-30 14:19:06,020 [BombeRLeWorld] INFO: Agent <rule_based_agent> chose action RIGHT in 0.00s.
2024-09-30 14:19:06,020 [BombeRLeWorld] INFO: Agent <rule_based_agent> stayed within acceptable think time.
2024-09-30 14:19:06,020 [BombeRLeWorld] INFO: Agent <rule_based_agent> picked up coin at (np.int64(7), np.int64(3)) and receives 1 point
2024-09-30 14:19:06,118 [BombeRLeWorld] INFO: STARTING STEP 45
2024-09-30 14:19:06,120 [BombeRLeWorld] INFO: Agent <peaceful_agent> chose action UP in 0.00s.
2024-09-30 14:19:06,120 [BombeRLeWorld] INFO: Agent <peaceful_agent> stayed within acceptable think time.
2024-09-30 14:19:06,120 [BombeRLeWorld] INFO: Agent <ppo_agent> chose action DOWN in 0.00s.
2024-09-30 14:19:06,120 [BombeRLeWorld] INFO: Agent <ppo_agent> stayed within acceptable think time.
2024-09-30 14:19:06,120 [BombeRLeWorld] INFO: Agent <rule_based_agent> chose action DOWN in 0.00s.
2024-09-30 14:19:06,120 [BombeRLeWorld] INFO: Agent <rule_based_agent> stayed within acceptable think time.
2024-09-30 14:19:06,120 [BombeRLeWorld] INFO: Agent <peaceful_agent> picked up coin at (np.int64(13), np.int64(1)) and receives 1 point
2024-09-30 14:19:06,215 [BombeRLeWorld] INFO: STARTING STEP 46
2024-09-30 14:19:06,217 [BombeRLeWorld] INFO: Agent <rule_based_agent> chose action DOWN in 0.00s.
2024-09-30 14:19:06,217 [BombeRLeWorld] INFO: Agent <rule_based_agent> stayed within acceptable think time.
2024-09-30 14:19:06,217 [BombeRLeWorld] INFO: Agent <peaceful_agent> chose action UP in 0.00s.
2024-09-30 14:19:06,217 [BombeRLeWorld] INFO: Agent <peaceful_agent> stayed within acceptable think time.
2024-09-30 14:19:06,217 [BombeRLeWorld] INFO: Agent <ppo_agent> chose action LEFT in 0.00s.
2024-09-30 14:19:06,217 [BombeRLeWorld] INFO: Agent <ppo_agent> stayed within acceptable think time.
2024-09-30 14:19:06,217 [BombeRLeWorld] INFO: Agent <rule_based_agent> picked up coin at (np.int64(7), np.int64(5)) and receives 1 point
2024-09-30 14:19:06,320 [BombeRLeWorld] INFO: STARTING STEP 47
2024-09-30 14:19:06,322 [BombeRLeWorld] INFO: Agent <peaceful_agent> chose action UP in 0.00s.
2024-09-30 14:19:06,322 [BombeRLeWorld] INFO: Agent <peaceful_agent> stayed within acceptable think time.
2024-09-30 14:19:06,322 [BombeRLeWorld] INFO: Agent <ppo_agent> chose action RIGHT in 0.00s.
2024-09-30 14:19:06,322 [BombeRLeWorld] INFO: Agent <ppo_agent> stayed within acceptable think time.
2024-09-30 14:19:06,322 [BombeRLeWorld] INFO: Agent <rule_based_agent> chose action LEFT in 0.00s.
2024-09-30 14:19:06,322 [BombeRLeWorld] INFO: Agent <rule_based_agent> stayed within acceptable think time.
2024-09-30 14:19:06,322 [BombeRLeWorld] INFO: Agent <rule_based_agent> picked up coin at (np.int64(6), np.int64(5)) and receives 1 point
2024-09-30 14:19:06,423 [BombeRLeWorld] INFO: STARTING STEP 48
2024-09-30 14:19:06,426 [BombeRLeWorld] INFO: Agent <ppo_agent> chose action LEFT in 0.00s.
2024-09-30 14:19:06,426 [BombeRLeWorld] INFO: Agent <ppo_agent> stayed within acceptable think time.
2024-09-30 14:19:06,426 [BombeRLeWorld] INFO: Agent <peaceful_agent> chose action DOWN in 0.00s.
2024-09-30 14:19:06,426 [BombeRLeWorld] INFO: Agent <peaceful_agent> stayed within acceptable think time.
2024-09-30 14:19:06,426 [BombeRLeWorld] INFO: Agent <rule_based_agent> chose action LEFT in 0.00s.
2024-09-30 14:19:06,426 [BombeRLeWorld] INFO: Agent <rule_based_agent> stayed within acceptable think time.
2024-09-30 14:19:06,426 [BombeRLeWorld] INFO: Agent <rule_based_agent> picked up coin at (np.int64(5), np.int64(5)) and receives 1 point
2024-09-30 14:19:06,523 [BombeRLeWorld] INFO: STARTING STEP 49
2024-09-30 14:19:06,526 [BombeRLeWorld] INFO: Agent <peaceful_agent> chose action RIGHT in 0.00s.
2024-09-30 14:19:06,526 [BombeRLeWorld] INFO: Agent <peaceful_agent> stayed within acceptable think time.
2024-09-30 14:19:06,526 [BombeRLeWorld] INFO: Agent <ppo_agent> chose action DOWN in 0.00s.
2024-09-30 14:19:06,526 [BombeRLeWorld] INFO: Agent <ppo_agent> stayed within acceptable think time.
2024-09-30 14:19:06,527 [BombeRLeWorld] INFO: Agent <rule_based_agent> chose action UP in 0.00s.
2024-09-30 14:19:06,527 [BombeRLeWorld] INFO: Agent <rule_based_agent> stayed within acceptable think time.
2024-09-30 14:19:06,527 [BombeRLeWorld] INFO: Agent <rule_based_agent> picked up coin at (np.int64(5), np.int64(4)) and receives 1 point
2024-09-30 14:19:06,625 [BombeRLeWorld] INFO: STARTING STEP 50
2024-09-30 14:19:06,628 [BombeRLeWorld] INFO: Agent <rule_based_agent> chose action DOWN in 0.00s.
2024-09-30 14:19:06,628 [BombeRLeWorld] INFO: Agent <rule_based_agent> stayed within acceptable think time.
2024-09-30 14:19:06,628 [BombeRLeWorld] INFO: Agent <ppo_agent> chose action DOWN in 0.00s.
2024-09-30 14:19:06,628 [BombeRLeWorld] INFO: Agent <ppo_agent> stayed within acceptable think time.
2024-09-30 14:19:06,628 [BombeRLeWorld] INFO: Agent <peaceful_agent> chose action LEFT in 0.00s.
2024-09-30 14:19:06,628 [BombeRLeWorld] INFO: Agent <peaceful_agent> stayed within acceptable think time.
2024-09-30 14:19:06,726 [BombeRLeWorld] INFO: STARTING STEP 51
2024-09-30 14:19:06,728 [BombeRLeWorld] INFO: Agent <peaceful_agent> chose action DOWN in 0.00s.
2024-09-30 14:19:06,728 [BombeRLeWorld] INFO: Agent <peaceful_agent> stayed within acceptable think time.
2024-09-30 14:19:06,728 [BombeRLeWorld] INFO: Agent <ppo_agent> chose action RIGHT in 0.00s.
2024-09-30 14:19:06,728 [BombeRLeWorld] INFO: Agent <ppo_agent> stayed within acceptable think time.
2024-09-30 14:19:06,728 [BombeRLeWorld] INFO: Agent <rule_based_agent> chose action RIGHT in 0.00s.
2024-09-30 14:19:06,728 [BombeRLeWorld] INFO: Agent <rule_based_agent> stayed within acceptable think time.
2024-09-30 14:19:06,829 [BombeRLeWorld] INFO: STARTING STEP 52
2024-09-30 14:19:06,832 [BombeRLeWorld] INFO: Agent <rule_based_agent> chose action RIGHT in 0.00s.
2024-09-30 14:19:06,832 [BombeRLeWorld] INFO: Agent <rule_based_agent> stayed within acceptable think time.
2024-09-30 14:19:06,832 [BombeRLeWorld] INFO: Agent <ppo_agent> chose action LEFT in 0.00s.
2024-09-30 14:19:06,832 [BombeRLeWorld] INFO: Agent <ppo_agent> stayed within acceptable think time.
2024-09-30 14:19:06,832 [BombeRLeWorld] INFO: Agent <peaceful_agent> chose action DOWN in 0.00s.
2024-09-30 14:19:06,832 [BombeRLeWorld] INFO: Agent <peaceful_agent> stayed within acceptable think time.
2024-09-30 14:19:06,930 [BombeRLeWorld] INFO: STARTING STEP 53
2024-09-30 14:19:06,931 [BombeRLeWorld] INFO: Agent <rule_based_agent> chose action RIGHT in 0.00s.
2024-09-30 14:19:06,931 [BombeRLeWorld] INFO: Agent <rule_based_agent> stayed within acceptable think time.
2024-09-30 14:19:06,932 [BombeRLeWorld] INFO: Agent <peaceful_agent> chose action RIGHT in 0.00s.
2024-09-30 14:19:06,932 [BombeRLeWorld] INFO: Agent <peaceful_agent> stayed within acceptable think time.
2024-09-30 14:19:06,932 [BombeRLeWorld] INFO: Agent <ppo_agent> chose action UP in 0.00s.
2024-09-30 14:19:06,932 [BombeRLeWorld] INFO: Agent <ppo_agent> stayed within acceptable think time.
2024-09-30 14:19:06,932 [BombeRLeWorld] INFO: Agent <rule_based_agent> picked up coin at (np.int64(8), np.int64(5)) and receives 1 point
2024-09-30 14:19:07,029 [BombeRLeWorld] INFO: STARTING STEP 54
2024-09-30 14:19:07,031 [BombeRLeWorld] INFO: Agent <ppo_agent> chose action UP in 0.00s.
2024-09-30 14:19:07,031 [BombeRLeWorld] INFO: Agent <ppo_agent> stayed within acceptable think time.
2024-09-30 14:19:07,032 [BombeRLeWorld] INFO: Agent <peaceful_agent> chose action DOWN in 0.00s.
2024-09-30 14:19:07,032 [BombeRLeWorld] INFO: Agent <peaceful_agent> stayed within acceptable think time.
2024-09-30 14:19:07,032 [BombeRLeWorld] INFO: Agent <rule_based_agent> chose action LEFT in 0.00s.
2024-09-30 14:19:07,032 [BombeRLeWorld] INFO: Agent <rule_based_agent> stayed within acceptable think time.
2024-09-30 14:19:07,127 [BombeRLeWorld] INFO: STARTING STEP 55
2024-09-30 14:19:07,129 [BombeRLeWorld] INFO: Agent <ppo_agent> chose action LEFT in 0.00s.
2024-09-30 14:19:07,130 [BombeRLeWorld] INFO: Agent <ppo_agent> stayed within acceptable think time.
2024-09-30 14:19:07,130 [BombeRLeWorld] INFO: Agent <rule_based_agent> chose action DOWN in 0.00s.
2024-09-30 14:19:07,130 [BombeRLeWorld] INFO: Agent <rule_based_agent> stayed within acceptable think time.
2024-09-30 14:19:07,130 [BombeRLeWorld] INFO: Agent <peaceful_agent> chose action LEFT in 0.00s.
2024-09-30 14:19:07,130 [BombeRLeWorld] INFO: Agent <peaceful_agent> stayed within acceptable think time.
2024-09-30 14:19:07,130 [BombeRLeWorld] INFO: Agent <peaceful_agent> picked up coin at (np.int64(12), np.int64(5)) and receives 1 point
2024-09-30 14:19:07,230 [BombeRLeWorld] INFO: STARTING STEP 56
2024-09-30 14:19:07,234 [BombeRLeWorld] INFO: Agent <peaceful_agent> chose action DOWN in 0.00s.
2024-09-30 14:19:07,234 [BombeRLeWorld] INFO: Agent <peaceful_agent> stayed within acceptable think time.
2024-09-30 14:19:07,234 [BombeRLeWorld] INFO: Agent <ppo_agent> chose action DOWN in 0.00s.
2024-09-30 14:19:07,234 [BombeRLeWorld] INFO: Agent <ppo_agent> stayed within acceptable think time.
2024-09-30 14:19:07,234 [BombeRLeWorld] INFO: Agent <rule_based_agent> chose action DOWN in 0.00s.
2024-09-30 14:19:07,234 [BombeRLeWorld] INFO: Agent <rule_based_agent> stayed within acceptable think time.
2024-09-30 14:19:07,234 [BombeRLeWorld] INFO: Agent <rule_based_agent> picked up coin at (np.int64(7), np.int64(7)) and receives 1 point
2024-09-30 14:19:07,332 [BombeRLeWorld] INFO: STARTING STEP 57
2024-09-30 14:19:07,337 [BombeRLeWorld] INFO: Agent <peaceful_agent> chose action UP in 0.00s.
2024-09-30 14:19:07,337 [BombeRLeWorld] INFO: Agent <peaceful_agent> stayed within acceptable think time.
2024-09-30 14:19:07,337 [BombeRLeWorld] INFO: Agent <rule_based_agent> chose action DOWN in 0.00s.
2024-09-30 14:19:07,337 [BombeRLeWorld] INFO: Agent <rule_based_agent> stayed within acceptable think time.
2024-09-30 14:19:07,337 [BombeRLeWorld] INFO: Agent <ppo_agent> chose action LEFT in 0.00s.
2024-09-30 14:19:07,337 [BombeRLeWorld] INFO: Agent <ppo_agent> stayed within acceptable think time.
2024-09-30 14:19:07,337 [BombeRLeWorld] INFO: Agent <rule_based_agent> picked up coin at (np.int64(7), np.int64(8)) and receives 1 point
2024-09-30 14:19:07,433 [BombeRLeWorld] INFO: STARTING STEP 58
2024-09-30 14:19:07,436 [BombeRLeWorld] INFO: Agent <peaceful_agent> chose action LEFT in 0.00s.
2024-09-30 14:19:07,437 [BombeRLeWorld] INFO: Agent <peaceful_agent> stayed within acceptable think time.
2024-09-30 14:19:07,437 [BombeRLeWorld] INFO: Agent <rule_based_agent> chose action UP in 0.00s.
2024-09-30 14:19:07,437 [BombeRLeWorld] INFO: Agent <rule_based_agent> stayed within acceptable think time.
2024-09-30 14:19:07,437 [BombeRLeWorld] INFO: Agent <ppo_agent> chose action LEFT in 0.00s.
2024-09-30 14:19:07,437 [BombeRLeWorld] INFO: Agent <ppo_agent> stayed within acceptable think time.
2024-09-30 14:19:07,533 [BombeRLeWorld] INFO: STARTING STEP 59
2024-09-30 14:19:07,538 [BombeRLeWorld] INFO: Agent <peaceful_agent> chose action LEFT in 0.00s.
2024-09-30 14:19:07,538 [BombeRLeWorld] INFO: Agent <peaceful_agent> stayed within acceptable think time.
2024-09-30 14:19:07,538 [BombeRLeWorld] INFO: Agent <rule_based_agent> chose action RIGHT in 0.00s.
2024-09-30 14:19:07,538 [BombeRLeWorld] INFO: Agent <rule_based_agent> stayed within acceptable think time.
2024-09-30 14:19:07,538 [BombeRLeWorld] INFO: Agent <ppo_agent> chose action DOWN in 0.00s.
2024-09-30 14:19:07,538 [BombeRLeWorld] INFO: Agent <ppo_agent> stayed within acceptable think time.
2024-09-30 14:19:07,635 [BombeRLeWorld] INFO: STARTING STEP 60
2024-09-30 14:19:07,638 [BombeRLeWorld] INFO: Agent <ppo_agent> chose action LEFT in 0.00s.
2024-09-30 14:19:07,638 [BombeRLeWorld] INFO: Agent <ppo_agent> stayed within acceptable think time.
2024-09-30 14:19:07,638 [BombeRLeWorld] INFO: Agent <rule_based_agent> chose action RIGHT in 0.00s.
2024-09-30 14:19:07,639 [BombeRLeWorld] INFO: Agent <rule_based_agent> stayed within acceptable think time.
2024-09-30 14:19:07,639 [BombeRLeWorld] INFO: Agent <peaceful_agent> chose action UP in 0.00s.
2024-09-30 14:19:07,639 [BombeRLeWorld] INFO: Agent <peaceful_agent> stayed within acceptable think time.
2024-09-30 14:19:07,729 [BombeRLeWorld] INFO: STARTING STEP 61
2024-09-30 14:19:07,730 [BombeRLeWorld] INFO: Agent <rule_based_agent> chose action RIGHT in 0.00s.
2024-09-30 14:19:07,730 [BombeRLeWorld] INFO: Agent <rule_based_agent> stayed within acceptable think time.
2024-09-30 14:19:07,730 [BombeRLeWorld] INFO: Agent <ppo_agent> chose action LEFT in 0.00s.
2024-09-30 14:19:07,730 [BombeRLeWorld] INFO: Agent <ppo_agent> stayed within acceptable think time.
2024-09-30 14:19:07,730 [BombeRLeWorld] INFO: Agent <peaceful_agent> chose action DOWN in 0.00s.
2024-09-30 14:19:07,730 [BombeRLeWorld] INFO: Agent <peaceful_agent> stayed within acceptable think time.
2024-09-30 14:19:07,730 [BombeRLeWorld] INFO: Agent <ppo_agent> picked up coin at (np.int64(9), np.int64(15)) and receives 1 point
2024-09-30 14:19:07,730 [BombeRLeWorld] INFO: Agent <rule_based_agent> picked up coin at (np.int64(10), np.int64(7)) and receives 1 point
2024-09-30 14:19:07,832 [BombeRLeWorld] INFO: STARTING STEP 62
2024-09-30 14:19:07,834 [BombeRLeWorld] INFO: Agent <ppo_agent> chose action UP in 0.00s.
2024-09-30 14:19:07,834 [BombeRLeWorld] INFO: Agent <ppo_agent> stayed within acceptable think time.
2024-09-30 14:19:07,834 [BombeRLeWorld] INFO: Agent <peaceful_agent> chose action DOWN in 0.00s.
2024-09-30 14:19:07,834 [BombeRLeWorld] INFO: Agent <peaceful_agent> stayed within acceptable think time.
2024-09-30 14:19:07,834 [BombeRLeWorld] INFO: Agent <rule_based_agent> chose action RIGHT in 0.00s.
2024-09-30 14:19:07,834 [BombeRLeWorld] INFO: Agent <rule_based_agent> stayed within acceptable think time.
2024-09-30 14:19:07,937 [BombeRLeWorld] INFO: STARTING STEP 63
2024-09-30 14:19:07,939 [BombeRLeWorld] INFO: Agent <ppo_agent> chose action UP in 0.00s.
2024-09-30 14:19:07,939 [BombeRLeWorld] INFO: Agent <ppo_agent> stayed within acceptable think time.
2024-09-30 14:19:07,939 [BombeRLeWorld] INFO: Agent <rule_based_agent> chose action DOWN in 0.00s.
2024-09-30 14:19:07,940 [BombeRLeWorld] INFO: Agent <rule_based_agent> stayed within acceptable think time.
2024-09-30 14:19:07,940 [BombeRLeWorld] INFO: Agent <peaceful_agent> chose action DOWN in 0.00s.
2024-09-30 14:19:07,940 [BombeRLeWorld] INFO: Agent <peaceful_agent> stayed within acceptable think time.
2024-09-30 14:19:07,940 [BombeRLeWorld] INFO: Agent <rule_based_agent> picked up coin at (np.int64(11), np.int64(8)) and receives 1 point
2024-09-30 14:19:08,039 [BombeRLeWorld] INFO: STARTING STEP 64
2024-09-30 14:19:08,042 [BombeRLeWorld] INFO: Agent <ppo_agent> chose action DOWN in 0.00s.
2024-09-30 14:19:08,042 [BombeRLeWorld] INFO: Agent <ppo_agent> stayed within acceptable think time.
2024-09-30 14:19:08,042 [BombeRLeWorld] INFO: Agent <rule_based_agent> chose action DOWN in 0.00s.
2024-09-30 14:19:08,042 [BombeRLeWorld] INFO: Agent <rule_based_agent> stayed within acceptable think time.
2024-09-30 14:19:08,042 [BombeRLeWorld] INFO: Agent <peaceful_agent> chose action RIGHT in 0.00s.
2024-09-30 14:19:08,042 [BombeRLeWorld] INFO: Agent <peaceful_agent> stayed within acceptable think time.
2024-09-30 14:19:08,042 [BombeRLeWorld] INFO: Agent <rule_based_agent> picked up coin at (np.int64(11), np.int64(9)) and receives 1 point
2024-09-30 14:19:08,140 [BombeRLeWorld] INFO: STARTING STEP 65
2024-09-30 14:19:08,142 [BombeRLeWorld] INFO: Agent <rule_based_agent> chose action RIGHT in 0.00s.
2024-09-30 14:19:08,142 [BombeRLeWorld] INFO: Agent <rule_based_agent> stayed within acceptable think time.
2024-09-30 14:19:08,142 [BombeRLeWorld] INFO: Agent <ppo_agent> chose action DOWN in 0.00s.
2024-09-30 14:19:08,142 [BombeRLeWorld] INFO: Agent <ppo_agent> stayed within acceptable think time.
2024-09-30 14:19:08,142 [BombeRLeWorld] INFO: Agent <peaceful_agent> chose action LEFT in 0.00s.
2024-09-30 14:19:08,142 [BombeRLeWorld] INFO: Agent <peaceful_agent> stayed within acceptable think time.
2024-09-30 14:19:08,241 [BombeRLeWorld] INFO: STARTING STEP 66
2024-09-30 14:19:08,243 [BombeRLeWorld] INFO: Agent <peaceful_agent> chose action LEFT in 0.00s.
2024-09-30 14:19:08,243 [BombeRLeWorld] INFO: Agent <peaceful_agent> stayed within acceptable think time.
2024-09-30 14:19:08,243 [BombeRLeWorld] INFO: Agent <ppo_agent> chose action RIGHT in 0.00s.
2024-09-30 14:19:08,243 [BombeRLeWorld] INFO: Agent <ppo_agent> stayed within acceptable think time.
2024-09-30 14:19:08,243 [BombeRLeWorld] INFO: Agent <rule_based_agent> chose action RIGHT in 0.00s.
2024-09-30 14:19:08,243 [BombeRLeWorld] INFO: Agent <rule_based_agent> stayed within acceptable think time.
2024-09-30 14:19:08,243 [BombeRLeWorld] INFO: Agent <rule_based_agent> picked up coin at (np.int64(13), np.int64(9)) and receives 1 point
2024-09-30 14:19:08,342 [BombeRLeWorld] INFO: STARTING STEP 67
2024-09-30 14:19:08,344 [BombeRLeWorld] INFO: Agent <peaceful_agent> chose action RIGHT in 0.00s.
2024-09-30 14:19:08,344 [BombeRLeWorld] INFO: Agent <peaceful_agent> stayed within acceptable think time.
2024-09-30 14:19:08,344 [BombeRLeWorld] INFO: Agent <ppo_agent> chose action LEFT in 0.00s.
2024-09-30 14:19:08,344 [BombeRLeWorld] INFO: Agent <ppo_agent> stayed within acceptable think time.
2024-09-30 14:19:08,344 [BombeRLeWorld] INFO: Agent <rule_based_agent> chose action DOWN in 0.00s.
2024-09-30 14:19:08,344 [BombeRLeWorld] INFO: Agent <rule_based_agent> stayed within acceptable think time.
2024-09-30 14:19:08,441 [BombeRLeWorld] INFO: STARTING STEP 68
2024-09-30 14:19:08,444 [BombeRLeWorld] INFO: Agent <rule_based_agent> chose action DOWN in 0.00s.
2024-09-30 14:19:08,444 [BombeRLeWorld] INFO: Agent <rule_based_agent> stayed within acceptable think time.
2024-09-30 14:19:08,444 [BombeRLeWorld] INFO: Agent <ppo_agent> chose action DOWN in 0.00s.
2024-09-30 14:19:08,444 [BombeRLeWorld] INFO: Agent <ppo_agent> stayed within acceptable think time.
2024-09-30 14:19:08,444 [BombeRLeWorld] INFO: Agent <peaceful_agent> chose action UP in 0.00s.
2024-09-30 14:19:08,445 [BombeRLeWorld] INFO: Agent <peaceful_agent> stayed within acceptable think time.
2024-09-30 14:19:08,544 [BombeRLeWorld] INFO: STARTING STEP 69
2024-09-30 14:19:08,547 [BombeRLeWorld] INFO: Agent <ppo_agent> chose action UP in 0.00s.
2024-09-30 14:19:08,547 [BombeRLeWorld] INFO: Agent <ppo_agent> stayed within acceptable think time.
2024-09-30 14:19:08,547 [BombeRLeWorld] INFO: Agent <peaceful_agent> chose action LEFT in 0.00s.
2024-09-30 14:19:08,547 [BombeRLeWorld] INFO: Agent <peaceful_agent> stayed within acceptable think time.
2024-09-30 14:19:08,547 [BombeRLeWorld] INFO: Agent <rule_based_agent> chose action LEFT in 0.00s.
2024-09-30 14:19:08,547 [BombeRLeWorld] INFO: Agent <rule_based_agent> stayed within acceptable think time.
2024-09-30 14:19:08,547 [BombeRLeWorld] INFO: Agent <rule_based_agent> picked up coin at (np.int64(12), np.int64(11)) and receives 1 point
2024-09-30 14:19:08,644 [BombeRLeWorld] INFO: STARTING STEP 70
2024-09-30 14:19:08,647 [BombeRLeWorld] INFO: Agent <rule_based_agent> chose action LEFT in 0.00s.
2024-09-30 14:19:08,647 [BombeRLeWorld] INFO: Agent <rule_based_agent> stayed within acceptable think time.
2024-09-30 14:19:08,647 [BombeRLeWorld] INFO: Agent <ppo_agent> chose action RIGHT in 0.00s.
2024-09-30 14:19:08,647 [BombeRLeWorld] INFO: Agent <ppo_agent> stayed within acceptable think time.
2024-09-30 14:19:08,647 [BombeRLeWorld] INFO: Agent <peaceful_agent> chose action LEFT in 0.00s.
2024-09-30 14:19:08,647 [BombeRLeWorld] INFO: Agent <peaceful_agent> stayed within acceptable think time.
2024-09-30 14:19:08,647 [BombeRLeWorld] INFO: Agent <rule_based_agent> picked up coin at (np.int64(11), np.int64(11)) and receives 1 point
2024-09-30 14:19:08,747 [BombeRLeWorld] INFO: STARTING STEP 71
2024-09-30 14:19:08,748 [BombeRLeWorld] INFO: Agent <ppo_agent> chose action LEFT in 0.00s.
2024-09-30 14:19:08,748 [BombeRLeWorld] INFO: Agent <ppo_agent> stayed within acceptable think time.
2024-09-30 14:19:08,748 [BombeRLeWorld] INFO: Agent <rule_based_agent> chose action DOWN in 0.00s.
2024-09-30 14:19:08,748 [BombeRLeWorld] INFO: Agent <rule_based_agent> stayed within acceptable think time.
2024-09-30 14:19:08,748 [BombeRLeWorld] INFO: Agent <peaceful_agent> chose action UP in 0.00s.
2024-09-30 14:19:08,748 [BombeRLeWorld] INFO: Agent <peaceful_agent> stayed within acceptable think time.
2024-09-30 14:19:08,748 [BombeRLeWorld] INFO: Agent <rule_based_agent> picked up coin at (np.int64(11), np.int64(12)) and receives 1 point
2024-09-30 14:19:08,851 [BombeRLeWorld] INFO: STARTING STEP 72
2024-09-30 14:19:08,853 [BombeRLeWorld] INFO: Agent <peaceful_agent> chose action UP in 0.00s.
2024-09-30 14:19:08,853 [BombeRLeWorld] INFO: Agent <peaceful_agent> stayed within acceptable think time.
2024-09-30 14:19:08,853 [BombeRLeWorld] INFO: Agent <rule_based_agent> chose action DOWN in 0.00s.
2024-09-30 14:19:08,853 [BombeRLeWorld] INFO: Agent <rule_based_agent> stayed within acceptable think time.
2024-09-30 14:19:08,853 [BombeRLeWorld] INFO: Agent <ppo_agent> chose action DOWN in 0.00s.
2024-09-30 14:19:08,853 [BombeRLeWorld] INFO: Agent <ppo_agent> stayed within acceptable think time.
2024-09-30 14:19:08,944 [BombeRLeWorld] INFO: STARTING STEP 73
2024-09-30 14:19:08,946 [BombeRLeWorld] INFO: Agent <ppo_agent> chose action RIGHT in 0.00s.
2024-09-30 14:19:08,946 [BombeRLeWorld] INFO: Agent <ppo_agent> stayed within acceptable think time.
2024-09-30 14:19:08,946 [BombeRLeWorld] INFO: Agent <rule_based_agent> chose action LEFT in 0.00s.
2024-09-30 14:19:08,946 [BombeRLeWorld] INFO: Agent <rule_based_agent> stayed within acceptable think time.
2024-09-30 14:19:08,946 [BombeRLeWorld] INFO: Agent <peaceful_agent> chose action DOWN in 0.00s.
2024-09-30 14:19:08,946 [BombeRLeWorld] INFO: Agent <peaceful_agent> stayed within acceptable think time.
2024-09-30 14:19:09,046 [BombeRLeWorld] INFO: STARTING STEP 74
2024-09-30 14:19:09,048 [BombeRLeWorld] INFO: Agent <ppo_agent> chose action LEFT in 0.00s.
2024-09-30 14:19:09,048 [BombeRLeWorld] INFO: Agent <ppo_agent> stayed within acceptable think time.
2024-09-30 14:19:09,048 [BombeRLeWorld] INFO: Agent <peaceful_agent> chose action RIGHT in 0.00s.
2024-09-30 14:19:09,048 [BombeRLeWorld] INFO: Agent <peaceful_agent> stayed within acceptable think time.
2024-09-30 14:19:09,048 [BombeRLeWorld] INFO: Agent <rule_based_agent> chose action RIGHT in 0.00s.
2024-09-30 14:19:09,048 [BombeRLeWorld] INFO: Agent <rule_based_agent> stayed within acceptable think time.
2024-09-30 14:19:09,151 [BombeRLeWorld] INFO: STARTING STEP 75
2024-09-30 14:19:09,155 [BombeRLeWorld] INFO: Agent <ppo_agent> chose action UP in 0.00s.
2024-09-30 14:19:09,155 [BombeRLeWorld] INFO: Agent <ppo_agent> stayed within acceptable think time.
2024-09-30 14:19:09,155 [BombeRLeWorld] INFO: Agent <peaceful_agent> chose action DOWN in 0.00s.
2024-09-30 14:19:09,155 [BombeRLeWorld] INFO: Agent <peaceful_agent> stayed within acceptable think time.
2024-09-30 14:19:09,155 [BombeRLeWorld] INFO: Agent <rule_based_agent> chose action DOWN in 0.00s.
2024-09-30 14:19:09,155 [BombeRLeWorld] INFO: Agent <rule_based_agent> stayed within acceptable think time.
2024-09-30 14:19:09,254 [BombeRLeWorld] INFO: STARTING STEP 76
2024-09-30 14:19:09,256 [BombeRLeWorld] INFO: Agent <peaceful_agent> chose action DOWN in 0.00s.
2024-09-30 14:19:09,256 [BombeRLeWorld] INFO: Agent <peaceful_agent> stayed within acceptable think time.
2024-09-30 14:19:09,256 [BombeRLeWorld] INFO: Agent <ppo_agent> chose action RIGHT in 0.00s.
2024-09-30 14:19:09,256 [BombeRLeWorld] INFO: Agent <ppo_agent> stayed within acceptable think time.
2024-09-30 14:19:09,256 [BombeRLeWorld] INFO: Agent <rule_based_agent> chose action UP in 0.00s.
2024-09-30 14:19:09,257 [BombeRLeWorld] INFO: Agent <rule_based_agent> stayed within acceptable think time.
2024-09-30 14:19:09,346 [BombeRLeWorld] INFO: STARTING STEP 77
2024-09-30 14:19:09,348 [BombeRLeWorld] INFO: Agent <rule_based_agent> chose action LEFT in 0.00s.
2024-09-30 14:19:09,348 [BombeRLeWorld] INFO: Agent <rule_based_agent> stayed within acceptable think time.
2024-09-30 14:19:09,348 [BombeRLeWorld] INFO: Agent <ppo_agent> chose action LEFT in 0.00s.
2024-09-30 14:19:09,348 [BombeRLeWorld] INFO: Agent <ppo_agent> stayed within acceptable think time.
2024-09-30 14:19:09,348 [BombeRLeWorld] INFO: Agent <peaceful_agent> chose action LEFT in 0.00s.
2024-09-30 14:19:09,348 [BombeRLeWorld] INFO: Agent <peaceful_agent> stayed within acceptable think time.
2024-09-30 14:19:09,453 [BombeRLeWorld] INFO: STARTING STEP 78
2024-09-30 14:19:09,455 [BombeRLeWorld] INFO: Agent <peaceful_agent> chose action UP in 0.00s.
2024-09-30 14:19:09,455 [BombeRLeWorld] INFO: Agent <peaceful_agent> stayed within acceptable think time.
2024-09-30 14:19:09,455 [BombeRLeWorld] INFO: Agent <rule_based_agent> chose action LEFT in 0.00s.
2024-09-30 14:19:09,455 [BombeRLeWorld] INFO: Agent <rule_based_agent> stayed within acceptable think time.
2024-09-30 14:19:09,455 [BombeRLeWorld] INFO: Agent <ppo_agent> chose action RIGHT in 0.00s.
2024-09-30 14:19:09,455 [BombeRLeWorld] INFO: Agent <ppo_agent> stayed within acceptable think time.
2024-09-30 14:19:09,557 [BombeRLeWorld] INFO: STARTING STEP 79
2024-09-30 14:19:09,559 [BombeRLeWorld] INFO: Agent <ppo_agent> chose action UP in 0.00s.
2024-09-30 14:19:09,559 [BombeRLeWorld] INFO: Agent <ppo_agent> stayed within acceptable think time.
2024-09-30 14:19:09,559 [BombeRLeWorld] INFO: Agent <rule_based_agent> chose action BOMB in 0.00s.
2024-09-30 14:19:09,559 [BombeRLeWorld] INFO: Agent <rule_based_agent> stayed within acceptable think time.
2024-09-30 14:19:09,559 [BombeRLeWorld] INFO: Agent <rule_based_agent> drops bomb at (np.int64(9), np.int64(13))
2024-09-30 14:19:09,559 [BombeRLeWorld] INFO: Agent <peaceful_agent> chose action DOWN in 0.00s.
2024-09-30 14:19:09,559 [BombeRLeWorld] INFO: Agent <peaceful_agent> stayed within acceptable think time.
2024-09-30 14:19:09,652 [BombeRLeWorld] INFO: STARTING STEP 80
2024-09-30 14:19:09,654 [BombeRLeWorld] INFO: Agent <ppo_agent> chose action DOWN in 0.00s.
2024-09-30 14:19:09,655 [BombeRLeWorld] INFO: Agent <ppo_agent> stayed within acceptable think time.
2024-09-30 14:19:09,655 [BombeRLeWorld] INFO: Agent <rule_based_agent> chose action RIGHT in 0.00s.
2024-09-30 14:19:09,655 [BombeRLeWorld] INFO: Agent <rule_based_agent> stayed within acceptable think time.
2024-09-30 14:19:09,655 [BombeRLeWorld] INFO: Agent <peaceful_agent> chose action LEFT in 0.00s.
2024-09-30 14:19:09,655 [BombeRLeWorld] INFO: Agent <peaceful_agent> stayed within acceptable think time.
2024-09-30 14:19:09,753 [BombeRLeWorld] INFO: STARTING STEP 81
2024-09-30 14:19:09,757 [BombeRLeWorld] INFO: Agent <rule_based_agent> chose action RIGHT in 0.00s.
2024-09-30 14:19:09,757 [BombeRLeWorld] INFO: Agent <rule_based_agent> stayed within acceptable think time.
2024-09-30 14:19:09,757 [BombeRLeWorld] INFO: Agent <peaceful_agent> chose action RIGHT in 0.00s.
2024-09-30 14:19:09,757 [BombeRLeWorld] INFO: Agent <peaceful_agent> stayed within acceptable think time.
2024-09-30 14:19:09,757 [BombeRLeWorld] INFO: Agent <ppo_agent> chose action UP in 0.00s.
2024-09-30 14:19:09,757 [BombeRLeWorld] INFO: Agent <ppo_agent> stayed within acceptable think time.
2024-09-30 14:19:09,856 [BombeRLeWorld] INFO: STARTING STEP 82
2024-09-30 14:19:09,858 [BombeRLeWorld] INFO: Agent <peaceful_agent> chose action RIGHT in 0.00s.
2024-09-30 14:19:09,858 [BombeRLeWorld] INFO: Agent <peaceful_agent> stayed within acceptable think time.
2024-09-30 14:19:09,858 [BombeRLeWorld] INFO: Agent <rule_based_agent> chose action DOWN in 0.00s.
2024-09-30 14:19:09,858 [BombeRLeWorld] INFO: Agent <rule_based_agent> stayed within acceptable think time.
2024-09-30 14:19:09,858 [BombeRLeWorld] INFO: Agent <ppo_agent> chose action RIGHT in 0.00s.
2024-09-30 14:19:09,858 [BombeRLeWorld] INFO: Agent <ppo_agent> stayed within acceptable think time.
2024-09-30 14:19:09,959 [BombeRLeWorld] INFO: STARTING STEP 83
2024-09-30 14:19:09,961 [BombeRLeWorld] INFO: Agent <rule_based_agent> chose action DOWN in 0.00s.
2024-09-30 14:19:09,961 [BombeRLeWorld] INFO: Agent <rule_based_agent> stayed within acceptable think time.
2024-09-30 14:19:09,961 [BombeRLeWorld] INFO: Agent <ppo_agent> chose action UP in 0.00s.
2024-09-30 14:19:09,962 [BombeRLeWorld] INFO: Agent <ppo_agent> stayed within acceptable think time.
2024-09-30 14:19:09,962 [BombeRLeWorld] INFO: Agent <peaceful_agent> chose action LEFT in 0.00s.
2024-09-30 14:19:09,962 [BombeRLeWorld] INFO: Agent <peaceful_agent> stayed within acceptable think time.
2024-09-30 14:19:09,962 [BombeRLeWorld] INFO: Agent <rule_based_agent>'s bomb at (np.int64(9), np.int64(13)) explodes
2024-09-30 14:19:09,962 [BombeRLeWorld] INFO: Agent <ppo_agent> blown up by agent <rule_based_agent>'s bomb
2024-09-30 14:19:09,962 [BombeRLeWorld] INFO: Agent <rule_based_agent> receives 1 point
2024-09-30 14:19:10,058 [BombeRLeWorld] INFO: STARTING STEP 84
2024-09-30 14:19:10,060 [BombeRLeWorld] INFO: Agent <rule_based_agent> chose action RIGHT in 0.00s.
2024-09-30 14:19:10,060 [BombeRLeWorld] INFO: Agent <rule_based_agent> stayed within acceptable think time.
2024-09-30 14:19:10,060 [BombeRLeWorld] INFO: Agent <peaceful_agent> chose action UP in 0.00s.
2024-09-30 14:19:10,060 [BombeRLeWorld] INFO: Agent <peaceful_agent> stayed within acceptable think time.
2024-09-30 14:19:10,160 [BombeRLeWorld] INFO: STARTING STEP 85
2024-09-30 14:19:10,161 [BombeRLeWorld] INFO: Agent <rule_based_agent> chose action RIGHT in 0.00s.
2024-09-30 14:19:10,161 [BombeRLeWorld] INFO: Agent <rule_based_agent> stayed within acceptable think time.
2024-09-30 14:19:10,161 [BombeRLeWorld] INFO: Agent <peaceful_agent> chose action LEFT in 0.00s.
2024-09-30 14:19:10,161 [BombeRLeWorld] INFO: Agent <peaceful_agent> stayed within acceptable think time.
2024-09-30 14:19:10,259 [BombeRLeWorld] INFO: STARTING STEP 86
2024-09-30 14:19:10,262 [BombeRLeWorld] INFO: Agent <peaceful_agent> chose action LEFT in 0.00s.
2024-09-30 14:19:10,262 [BombeRLeWorld] INFO: Agent <peaceful_agent> stayed within acceptable think time.
2024-09-30 14:19:10,262 [BombeRLeWorld] INFO: Agent <rule_based_agent> chose action UP in 0.00s.
2024-09-30 14:19:10,262 [BombeRLeWorld] INFO: Agent <rule_based_agent> stayed within acceptable think time.
2024-09-30 14:19:10,361 [BombeRLeWorld] INFO: STARTING STEP 87
2024-09-30 14:19:10,363 [BombeRLeWorld] INFO: Agent <peaceful_agent> chose action RIGHT in 0.00s.
2024-09-30 14:19:10,363 [BombeRLeWorld] INFO: Agent <peaceful_agent> stayed within acceptable think time.
2024-09-30 14:19:10,363 [BombeRLeWorld] INFO: Agent <rule_based_agent> chose action UP in 0.00s.
2024-09-30 14:19:10,363 [BombeRLeWorld] INFO: Agent <rule_based_agent> stayed within acceptable think time.
2024-09-30 14:19:10,463 [BombeRLeWorld] INFO: STARTING STEP 88
2024-09-30 14:19:10,465 [BombeRLeWorld] INFO: Agent <rule_based_agent> chose action RIGHT in 0.00s.
2024-09-30 14:19:10,465 [BombeRLeWorld] INFO: Agent <rule_based_agent> stayed within acceptable think time.
2024-09-30 14:19:10,465 [BombeRLeWorld] INFO: Agent <peaceful_agent> chose action UP in 0.00s.
2024-09-30 14:19:10,465 [BombeRLeWorld] INFO: Agent <peaceful_agent> stayed within acceptable think time.
2024-09-30 14:19:10,563 [BombeRLeWorld] INFO: STARTING STEP 89
2024-09-30 14:19:10,564 [BombeRLeWorld] INFO: Agent <rule_based_agent> chose action RIGHT in 0.00s.
2024-09-30 14:19:10,564 [BombeRLeWorld] INFO: Agent <rule_based_agent> stayed within acceptable think time.
2024-09-30 14:19:10,564 [BombeRLeWorld] INFO: Agent <peaceful_agent> chose action RIGHT in 0.00s.
2024-09-30 14:19:10,564 [BombeRLeWorld] INFO: Agent <peaceful_agent> stayed within acceptable think time.
2024-09-30 14:19:10,664 [BombeRLeWorld] INFO: STARTING STEP 90
2024-09-30 14:19:10,665 [BombeRLeWorld] INFO: Agent <rule_based_agent> chose action UP in 0.00s.
2024-09-30 14:19:10,665 [BombeRLeWorld] INFO: Agent <rule_based_agent> stayed within acceptable think time.
2024-09-30 14:19:10,665 [BombeRLeWorld] INFO: Agent <peaceful_agent> chose action LEFT in 0.00s.
2024-09-30 14:19:10,666 [BombeRLeWorld] INFO: Agent <peaceful_agent> stayed within acceptable think time.
2024-09-30 14:19:10,666 [BombeRLeWorld] INFO: Agent <rule_based_agent> picked up coin at (np.int64(15), np.int64(12)) and receives 1 point
2024-09-30 14:19:10,765 [BombeRLeWorld] INFO: STARTING STEP 91
2024-09-30 14:19:10,767 [BombeRLeWorld] INFO: Agent <rule_based_agent> chose action UP in 0.00s.
2024-09-30 14:19:10,767 [BombeRLeWorld] INFO: Agent <rule_based_agent> stayed within acceptable think time.
2024-09-30 14:19:10,767 [BombeRLeWorld] INFO: Agent <peaceful_agent> chose action DOWN in 0.00s.
2024-09-30 14:19:10,767 [BombeRLeWorld] INFO: Agent <peaceful_agent> stayed within acceptable think time.
2024-09-30 14:19:10,865 [BombeRLeWorld] INFO: STARTING STEP 92
2024-09-30 14:19:10,866 [BombeRLeWorld] INFO: Agent <peaceful_agent> chose action UP in 0.00s.
2024-09-30 14:19:10,866 [BombeRLeWorld] INFO: Agent <peaceful_agent> stayed within acceptable think time.
2024-09-30 14:19:10,866 [BombeRLeWorld] INFO: Agent <rule_based_agent> chose action UP in 0.00s.
2024-09-30 14:19:10,867 [BombeRLeWorld] INFO: Agent <rule_based_agent> stayed within acceptable think time.
2024-09-30 14:19:10,967 [BombeRLeWorld] INFO: STARTING STEP 93
2024-09-30 14:19:10,968 [BombeRLeWorld] INFO: Agent <peaceful_agent> chose action DOWN in 0.00s.
2024-09-30 14:19:10,968 [BombeRLeWorld] INFO: Agent <peaceful_agent> stayed within acceptable think time.
2024-09-30 14:19:10,968 [BombeRLeWorld] INFO: Agent <rule_based_agent> chose action UP in 0.00s.
2024-09-30 14:19:10,968 [BombeRLeWorld] INFO: Agent <rule_based_agent> stayed within acceptable think time.
2024-09-30 14:19:11,068 [BombeRLeWorld] INFO: STARTING STEP 94
2024-09-30 14:19:11,070 [BombeRLeWorld] INFO: Agent <peaceful_agent> chose action UP in 0.00s.
2024-09-30 14:19:11,070 [BombeRLeWorld] INFO: Agent <peaceful_agent> stayed within acceptable think time.
2024-09-30 14:19:11,070 [BombeRLeWorld] INFO: Agent <rule_based_agent> chose action UP in 0.00s.
2024-09-30 14:19:11,070 [BombeRLeWorld] INFO: Agent <rule_based_agent> stayed within acceptable think time.
2024-09-30 14:19:11,071 [BombeRLeWorld] INFO: Agent <rule_based_agent> picked up coin at (np.int64(15), np.int64(8)) and receives 1 point
2024-09-30 14:19:11,164 [BombeRLeWorld] INFO: STARTING STEP 95
2024-09-30 14:19:11,165 [BombeRLeWorld] INFO: Agent <rule_based_agent> chose action UP in 0.00s.
2024-09-30 14:19:11,165 [BombeRLeWorld] INFO: Agent <rule_based_agent> stayed within acceptable think time.
2024-09-30 14:19:11,165 [BombeRLeWorld] INFO: Agent <peaceful_agent> chose action RIGHT in 0.00s.
2024-09-30 14:19:11,165 [BombeRLeWorld] INFO: Agent <peaceful_agent> stayed within acceptable think time.
2024-09-30 14:19:11,266 [BombeRLeWorld] INFO: STARTING STEP 96
2024-09-30 14:19:11,267 [BombeRLeWorld] INFO: Agent <rule_based_agent> chose action LEFT in 0.00s.
2024-09-30 14:19:11,267 [BombeRLeWorld] INFO: Agent <rule_based_agent> stayed within acceptable think time.
2024-09-30 14:19:11,267 [BombeRLeWorld] INFO: Agent <peaceful_agent> chose action LEFT in 0.00s.
2024-09-30 14:19:11,267 [BombeRLeWorld] INFO: Agent <peaceful_agent> stayed within acceptable think time.
2024-09-30 14:19:11,267 [BombeRLeWorld] INFO: Agent <rule_based_agent> picked up coin at (np.int64(14), np.int64(7)) and receives 1 point
2024-09-30 14:19:11,369 [BombeRLeWorld] INFO: STARTING STEP 97
2024-09-30 14:19:11,371 [BombeRLeWorld] INFO: Agent <rule_based_agent> chose action LEFT in 0.00s.
2024-09-30 14:19:11,372 [BombeRLeWorld] INFO: Agent <rule_based_agent> stayed within acceptable think time.
2024-09-30 14:19:11,372 [BombeRLeWorld] INFO: Agent <peaceful_agent> chose action DOWN in 0.00s.
2024-09-30 14:19:11,372 [BombeRLeWorld] INFO: Agent <peaceful_agent> stayed within acceptable think time.
2024-09-30 14:19:11,472 [BombeRLeWorld] INFO: STARTING STEP 98
2024-09-30 14:19:11,473 [BombeRLeWorld] INFO: Agent <rule_based_agent> chose action LEFT in 0.00s.
2024-09-30 14:19:11,473 [BombeRLeWorld] INFO: Agent <rule_based_agent> stayed within acceptable think time.
2024-09-30 14:19:11,474 [BombeRLeWorld] INFO: Agent <peaceful_agent> chose action DOWN in 0.00s.
2024-09-30 14:19:11,474 [BombeRLeWorld] INFO: Agent <peaceful_agent> stayed within acceptable think time.
2024-09-30 14:19:11,573 [BombeRLeWorld] INFO: STARTING STEP 99
2024-09-30 14:19:11,574 [BombeRLeWorld] INFO: Agent <peaceful_agent> chose action UP in 0.00s.
2024-09-30 14:19:11,574 [BombeRLeWorld] INFO: Agent <peaceful_agent> stayed within acceptable think time.
2024-09-30 14:19:11,574 [BombeRLeWorld] INFO: Agent <rule_based_agent> chose action LEFT in 0.00s.
2024-09-30 14:19:11,574 [BombeRLeWorld] INFO: Agent <rule_based_agent> stayed within acceptable think time.
2024-09-30 14:19:11,676 [BombeRLeWorld] INFO: STARTING STEP 100
2024-09-30 14:19:11,677 [BombeRLeWorld] INFO: Agent <peaceful_agent> chose action LEFT in 0.00s.
2024-09-30 14:19:11,677 [BombeRLeWorld] INFO: Agent <peaceful_agent> stayed within acceptable think time.
2024-09-30 14:19:11,677 [BombeRLeWorld] INFO: Agent <rule_based_agent> chose action UP in 0.00s.
2024-09-30 14:19:11,677 [BombeRLeWorld] INFO: Agent <rule_based_agent> stayed within acceptable think time.
2024-09-30 14:19:11,778 [BombeRLeWorld] INFO: STARTING STEP 101
2024-09-30 14:19:11,779 [BombeRLeWorld] INFO: Agent <peaceful_agent> chose action DOWN in 0.00s.
2024-09-30 14:19:11,779 [BombeRLeWorld] INFO: Agent <peaceful_agent> stayed within acceptable think time.
2024-09-30 14:19:11,779 [BombeRLeWorld] INFO: Agent <rule_based_agent> chose action UP in 0.00s.
2024-09-30 14:19:11,779 [BombeRLeWorld] INFO: Agent <rule_based_agent> stayed within acceptable think time.
2024-09-30 14:19:11,877 [BombeRLeWorld] INFO: STARTING STEP 102
2024-09-30 14:19:11,878 [BombeRLeWorld] INFO: Agent <peaceful_agent> chose action DOWN in 0.00s.
2024-09-30 14:19:11,878 [BombeRLeWorld] INFO: Agent <peaceful_agent> stayed within acceptable think time.
2024-09-30 14:19:11,878 [BombeRLeWorld] INFO: Agent <rule_based_agent> chose action UP in 0.00s.
2024-09-30 14:19:11,878 [BombeRLeWorld] INFO: Agent <rule_based_agent> stayed within acceptable think time.
2024-09-30 14:19:11,978 [BombeRLeWorld] INFO: STARTING STEP 103
2024-09-30 14:19:11,979 [BombeRLeWorld] INFO: Agent <rule_based_agent> chose action UP in 0.00s.
2024-09-30 14:19:11,979 [BombeRLeWorld] INFO: Agent <rule_based_agent> stayed within acceptable think time.
2024-09-30 14:19:11,979 [BombeRLeWorld] INFO: Agent <peaceful_agent> chose action UP in 0.00s.
2024-09-30 14:19:11,979 [BombeRLeWorld] INFO: Agent <peaceful_agent> stayed within acceptable think time.
2024-09-30 14:19:11,979 [BombeRLeWorld] INFO: Agent <rule_based_agent> picked up coin at (np.int64(11), np.int64(3)) and receives 1 point
2024-09-30 14:19:12,078 [BombeRLeWorld] INFO: STARTING STEP 104
2024-09-30 14:19:12,079 [BombeRLeWorld] INFO: Agent <peaceful_agent> chose action DOWN in 0.00s.
2024-09-30 14:19:12,079 [BombeRLeWorld] INFO: Agent <peaceful_agent> stayed within acceptable think time.
2024-09-30 14:19:12,080 [BombeRLeWorld] INFO: Agent <rule_based_agent> chose action UP in 0.00s.
2024-09-30 14:19:12,080 [BombeRLeWorld] INFO: Agent <rule_based_agent> stayed within acceptable think time.
2024-09-30 14:19:12,080 [BombeRLeWorld] INFO: Agent <rule_based_agent> picked up coin at (np.int64(11), np.int64(2)) and receives 1 point
2024-09-30 14:19:12,179 [BombeRLeWorld] INFO: STARTING STEP 105
2024-09-30 14:19:12,180 [BombeRLeWorld] INFO: Agent <peaceful_agent> chose action UP in 0.00s.
2024-09-30 14:19:12,180 [BombeRLeWorld] INFO: Agent <peaceful_agent> stayed within acceptable think time.
2024-09-30 14:19:12,181 [BombeRLeWorld] INFO: Agent <rule_based_agent> chose action DOWN in 0.00s.
2024-09-30 14:19:12,181 [BombeRLeWorld] INFO: Agent <rule_based_agent> stayed within acceptable think time.
2024-09-30 14:19:12,280 [BombeRLeWorld] INFO: STARTING STEP 106
2024-09-30 14:19:12,284 [BombeRLeWorld] INFO: Agent <peaceful_agent> chose action DOWN in 0.00s.
2024-09-30 14:19:12,284 [BombeRLeWorld] INFO: Agent <peaceful_agent> stayed within acceptable think time.
2024-09-30 14:19:12,284 [BombeRLeWorld] INFO: Agent <rule_based_agent> chose action LEFT in 0.00s.
2024-09-30 14:19:12,284 [BombeRLeWorld] INFO: Agent <rule_based_agent> stayed within acceptable think time.
2024-09-30 14:19:12,383 [BombeRLeWorld] INFO: STARTING STEP 107
2024-09-30 14:19:12,385 [BombeRLeWorld] INFO: Agent <rule_based_agent> chose action LEFT in 0.00s.
2024-09-30 14:19:12,386 [BombeRLeWorld] INFO: Agent <rule_based_agent> stayed within acceptable think time.
2024-09-30 14:19:12,386 [BombeRLeWorld] INFO: Agent <peaceful_agent> chose action UP in 0.00s.
2024-09-30 14:19:12,386 [BombeRLeWorld] INFO: Agent <peaceful_agent> stayed within acceptable think time.
2024-09-30 14:19:12,484 [BombeRLeWorld] INFO: STARTING STEP 108
2024-09-30 14:19:12,487 [BombeRLeWorld] INFO: Agent <peaceful_agent> chose action LEFT in 0.00s.
2024-09-30 14:19:12,487 [BombeRLeWorld] INFO: Agent <peaceful_agent> stayed within acceptable think time.
2024-09-30 14:19:12,487 [BombeRLeWorld] INFO: Agent <rule_based_agent> chose action LEFT in 0.00s.
2024-09-30 14:19:12,487 [BombeRLeWorld] INFO: Agent <rule_based_agent> stayed within acceptable think time.
2024-09-30 14:19:12,585 [BombeRLeWorld] INFO: STARTING STEP 109
2024-09-30 14:19:12,587 [BombeRLeWorld] INFO: Agent <peaceful_agent> chose action RIGHT in 0.00s.
2024-09-30 14:19:12,587 [BombeRLeWorld] INFO: Agent <peaceful_agent> stayed within acceptable think time.
2024-09-30 14:19:12,587 [BombeRLeWorld] INFO: Agent <rule_based_agent> chose action LEFT in 0.00s.
2024-09-30 14:19:12,587 [BombeRLeWorld] INFO: Agent <rule_based_agent> stayed within acceptable think time.
2024-09-30 14:19:12,685 [BombeRLeWorld] INFO: STARTING STEP 110
2024-09-30 14:19:12,687 [BombeRLeWorld] INFO: Agent <rule_based_agent> chose action DOWN in 0.00s.
2024-09-30 14:19:12,687 [BombeRLeWorld] INFO: Agent <rule_based_agent> stayed within acceptable think time.
2024-09-30 14:19:12,687 [BombeRLeWorld] INFO: Agent <peaceful_agent> chose action RIGHT in 0.00s.
2024-09-30 14:19:12,687 [BombeRLeWorld] INFO: Agent <peaceful_agent> stayed within acceptable think time.
2024-09-30 14:19:12,787 [BombeRLeWorld] INFO: STARTING STEP 111
2024-09-30 14:19:12,791 [BombeRLeWorld] INFO: Agent <peaceful_agent> chose action DOWN in 0.00s.
2024-09-30 14:19:12,791 [BombeRLeWorld] INFO: Agent <peaceful_agent> stayed within acceptable think time.
2024-09-30 14:19:12,791 [BombeRLeWorld] INFO: Agent <rule_based_agent> chose action DOWN in 0.00s.
2024-09-30 14:19:12,791 [BombeRLeWorld] INFO: Agent <rule_based_agent> stayed within acceptable think time.
2024-09-30 14:19:12,888 [BombeRLeWorld] INFO: STARTING STEP 112
2024-09-30 14:19:12,889 [BombeRLeWorld] INFO: Agent <peaceful_agent> chose action DOWN in 0.00s.
2024-09-30 14:19:12,889 [BombeRLeWorld] INFO: Agent <peaceful_agent> stayed within acceptable think time.
2024-09-30 14:19:12,889 [BombeRLeWorld] INFO: Agent <rule_based_agent> chose action DOWN in 0.00s.
2024-09-30 14:19:12,889 [BombeRLeWorld] INFO: Agent <rule_based_agent> stayed within acceptable think time.
2024-09-30 14:19:12,988 [BombeRLeWorld] INFO: STARTING STEP 113
2024-09-30 14:19:12,990 [BombeRLeWorld] INFO: Agent <peaceful_agent> chose action LEFT in 0.00s.
2024-09-30 14:19:12,990 [BombeRLeWorld] INFO: Agent <peaceful_agent> stayed within acceptable think time.
2024-09-30 14:19:12,990 [BombeRLeWorld] INFO: Agent <rule_based_agent> chose action DOWN in 0.00s.
2024-09-30 14:19:12,990 [BombeRLeWorld] INFO: Agent <rule_based_agent> stayed within acceptable think time.
2024-09-30 14:19:13,089 [BombeRLeWorld] INFO: STARTING STEP 114
2024-09-30 14:19:13,090 [BombeRLeWorld] INFO: Agent <rule_based_agent> chose action DOWN in 0.00s.
2024-09-30 14:19:13,090 [BombeRLeWorld] INFO: Agent <rule_based_agent> stayed within acceptable think time.
2024-09-30 14:19:13,091 [BombeRLeWorld] INFO: Agent <peaceful_agent> chose action UP in 0.00s.
2024-09-30 14:19:13,091 [BombeRLeWorld] INFO: Agent <peaceful_agent> stayed within acceptable think time.
2024-09-30 14:19:13,189 [BombeRLeWorld] INFO: STARTING STEP 115
2024-09-30 14:19:13,190 [BombeRLeWorld] INFO: Agent <rule_based_agent> chose action DOWN in 0.00s.
2024-09-30 14:19:13,190 [BombeRLeWorld] INFO: Agent <rule_based_agent> stayed within acceptable think time.
2024-09-30 14:19:13,190 [BombeRLeWorld] INFO: Agent <peaceful_agent> chose action RIGHT in 0.00s.
2024-09-30 14:19:13,190 [BombeRLeWorld] INFO: Agent <peaceful_agent> stayed within acceptable think time.
2024-09-30 14:19:13,291 [BombeRLeWorld] INFO: STARTING STEP 116
2024-09-30 14:19:13,292 [BombeRLeWorld] INFO: Agent <peaceful_agent> chose action RIGHT in 0.00s.
2024-09-30 14:19:13,292 [BombeRLeWorld] INFO: Agent <peaceful_agent> stayed within acceptable think time.
2024-09-30 14:19:13,292 [BombeRLeWorld] INFO: Agent <rule_based_agent> chose action BOMB in 0.00s.
2024-09-30 14:19:13,292 [BombeRLeWorld] INFO: Agent <rule_based_agent> stayed within acceptable think time.
2024-09-30 14:19:13,292 [BombeRLeWorld] INFO: Agent <rule_based_agent> drops bomb at (np.int64(7), np.int64(9))
2024-09-30 14:19:13,391 [BombeRLeWorld] INFO: STARTING STEP 117
2024-09-30 14:19:13,392 [BombeRLeWorld] INFO: Agent <rule_based_agent> chose action DOWN in 0.00s.
2024-09-30 14:19:13,392 [BombeRLeWorld] INFO: Agent <rule_based_agent> stayed within acceptable think time.
2024-09-30 14:19:13,392 [BombeRLeWorld] INFO: Agent <peaceful_agent> chose action UP in 0.00s.
2024-09-30 14:19:13,392 [BombeRLeWorld] INFO: Agent <peaceful_agent> stayed within acceptable think time.
2024-09-30 14:19:13,492 [BombeRLeWorld] INFO: STARTING STEP 118
2024-09-30 14:19:13,493 [BombeRLeWorld] INFO: Agent <rule_based_agent> chose action DOWN in 0.00s.
2024-09-30 14:19:13,494 [BombeRLeWorld] INFO: Agent <rule_based_agent> stayed within acceptable think time.
2024-09-30 14:19:13,494 [BombeRLeWorld] INFO: Agent <peaceful_agent> chose action RIGHT in 0.00s.
2024-09-30 14:19:13,494 [BombeRLeWorld] INFO: Agent <peaceful_agent> stayed within acceptable think time.
2024-09-30 14:19:13,596 [BombeRLeWorld] INFO: STARTING STEP 119
2024-09-30 14:19:13,598 [BombeRLeWorld] INFO: Agent <rule_based_agent> chose action RIGHT in 0.00s.
2024-09-30 14:19:13,598 [BombeRLeWorld] INFO: Agent <rule_based_agent> stayed within acceptable think time.
2024-09-30 14:19:13,598 [BombeRLeWorld] INFO: Agent <peaceful_agent> chose action RIGHT in 0.00s.
2024-09-30 14:19:13,598 [BombeRLeWorld] INFO: Agent <peaceful_agent> stayed within acceptable think time.
2024-09-30 14:19:13,695 [BombeRLeWorld] INFO: STARTING STEP 120
2024-09-30 14:19:13,697 [BombeRLeWorld] INFO: Agent <peaceful_agent> chose action LEFT in 0.00s.
2024-09-30 14:19:13,697 [BombeRLeWorld] INFO: Agent <peaceful_agent> stayed within acceptable think time.
2024-09-30 14:19:13,697 [BombeRLeWorld] INFO: Agent <rule_based_agent> chose action RIGHT in 0.00s.
2024-09-30 14:19:13,697 [BombeRLeWorld] INFO: Agent <rule_based_agent> stayed within acceptable think time.
2024-09-30 14:19:13,697 [BombeRLeWorld] INFO: Agent <rule_based_agent>'s bomb at (np.int64(7), np.int64(9)) explodes
2024-09-30 14:19:13,697 [BombeRLeWorld] INFO: Agent <peaceful_agent> blown up by agent <rule_based_agent>'s bomb
2024-09-30 14:19:13,697 [BombeRLeWorld] INFO: Agent <rule_based_agent> receives 1 point
2024-09-30 14:19:13,797 [BombeRLeWorld] INFO: STARTING STEP 121
2024-09-30 14:19:13,798 [BombeRLeWorld] INFO: Agent <rule_based_agent> chose action WAIT in 0.00s.
2024-09-30 14:19:13,798 [BombeRLeWorld] INFO: Agent <rule_based_agent> stayed within acceptable think time.
2024-09-30 14:19:13,899 [BombeRLeWorld] INFO: STARTING STEP 122
2024-09-30 14:19:13,900 [BombeRLeWorld] INFO: Agent <rule_based_agent> chose action WAIT in 0.00s.
2024-09-30 14:19:13,900 [BombeRLeWorld] INFO: Agent <rule_based_agent> stayed within acceptable think time.
2024-09-30 14:19:13,999 [BombeRLeWorld] INFO: STARTING STEP 123
2024-09-30 14:19:14,001 [BombeRLeWorld] INFO: Agent <rule_based_agent> chose action WAIT in 0.00s.
2024-09-30 14:19:14,001 [BombeRLeWorld] INFO: Agent <rule_based_agent> stayed within acceptable think time.
2024-09-30 14:19:14,097 [BombeRLeWorld] INFO: STARTING STEP 124
2024-09-30 14:19:14,098 [BombeRLeWorld] INFO: Agent <rule_based_agent> chose action WAIT in 0.00s.
2024-09-30 14:19:14,098 [BombeRLeWorld] INFO: Agent <rule_based_agent> stayed within acceptable think time.
2024-09-30 14:19:14,098 [BombeRLeWorld] INFO: One agent left alive with nothing to do, wrap up round
2024-09-30 14:19:14,098 [BombeRLeWorld] INFO: WRAPPING UP ROUND #1
